18271.8s	139	[I 2025-06-03 02:34:45,930] Trial 2 finished with value: 0.37330258098975666 and parameters: {'learning_rate': 2.3590985131118113e-06, 'weight_decay': 1.3430996913832895e-06}. Best is trial 2 with value: 0.37330258098975666.
18272.0s	140	Epoch 3 - Train Loss: 0.3578 - Accuracy: 0.8422
18272.0s	141	Validation - Loss: 0.3733 - Accuracy: 0.8378
18272.1s	142	Some weights of BertForSequenceClassification were not initialized from the model checkpoint at bert-base-uncased and are newly initialized: ['classifier.bias', 'classifier.weight']
18272.1s	143	You should probably TRAIN this model on a down-stream task to be able to use it for predictions and inference.
18272.5s	144	
18272.5s	145	========== Epoch 1/3 ==========
20295.2s	146	Epoch 1 - Train Loss: 0.3952 - Accuracy: 0.8217
20295.2s	147	Validation - Loss: 0.3612 - Accuracy: 0.8405
20295.2s	148	
20295.2s	149	========== Epoch 2/3 ==========
22319.8s	150	Epoch 2 - Train Loss: 0.3214 - Accuracy: 0.8615
22319.8s	151	Validation - Loss: 0.3597 - Accuracy: 0.8454
22319.8s	152	
22319.8s	153	========== Epoch 3/3 ==========
24345.3s	154	[I 2025-06-03 04:15:59,440] Trial 3 finished with value: 0.3788304212520707 and parameters: {'learning_rate': 9.702313297840714e-06, 'weight_decay': 3.1888320940870305e-05}. Best is trial 2 with value: 0.37330258098975666.
24345.5s	155	Epoch 3 - Train Loss: 0.2766 - Accuracy: 0.8853
24345.5s	156	Validation - Loss: 0.3788 - Accuracy: 0.8458
24345.6s	157	Some weights of BertForSequenceClassification were not initialized from the model checkpoint at bert-base-uncased and are newly initialized: ['classifier.bias', 'classifier.weight']
24345.6s	158	You should probably TRAIN this model on a down-stream task to be able to use it for predictions and inference.
24346.0s	159	
24346.0s	160	========== Epoch 1/3 ==========
26370.3s	161	Epoch 1 - Train Loss: 0.4631 - Accuracy: 0.7824
26370.3s	162	Validation - Loss: 0.4024 - Accuracy: 0.8217
26370.3s	163	
26370.3s	164	========== Epoch 2/3 ==========
28395.5s	165	Epoch 2 - Train Loss: 0.3990 - Accuracy: 0.8212
28395.5s	166	Validation - Loss: 0.3896 - Accuracy: 0.8279
28395.5s	167	
28395.5s	168	========== Epoch 3/3 ==========
30421.5s	169	[I 2025-06-03 05:57:15,585] Trial 4 finished with value: 0.38639003103634095 and parameters: {'learning_rate': 1.1321870528351366e-06, 'weight_decay': 2.387155092783356e-05}. Best is trial 2 with value: 0.37330258098975666.
30421.5s	170	Epoch 3 - Train Loss: 0.3864 - Accuracy: 0.8278
30421.5s	171	Validation - Loss: 0.3864 - Accuracy: 0.8296
30421.5s	172	Best hyperparameters: {'learning_rate': 2.3590985131118113e-06, 'weight_decay': 1.3430996913832895e-06}
