8136.9s 	116	[I 2025-06-02 23:46:35,505] Trial 1 finished with value: 0.38558092735848337 and parameters: {'learning_rate': 1.7154934279118004e-06, 'weight_decay': 4.9477103517199553e-05}. Best is trial 0 with value: 0.3676028702056633.
8137.0s	    117	Epoch 2 - Train Loss: 0.3899 - Accuracy: 0.8259
8137.0s	    118	Validation - Loss: 0.3856 - Accuracy: 0.8293
8137.2s	    119	Some weights of BertForSequenceClassification were not initialized from the model checkpoint at bert-base-uncased and are newly initialized: ['classifier.bias', 'classifier.weight']
8137.2s	    120	You should probably TRAIN this model on a down-stream task to be able to use it for predictions and inference.
8137.6s 	121	
8137.6s	    122	========== Epoch 1/2 ==========
10158.4s	123	Epoch 1 - Train Loss: 0.3892 - Accuracy: 0.8255
10158.4s	124	Validation - Loss: 0.3562 - Accuracy: 0.8424
10158.4s	125	
10158.4s	126	========== Epoch 2/2 ==========
12178.8s	127	[I 2025-06-03 00:53:57,410] Trial 2 finished with value: 0.36690508380251113 and parameters: {'learning_rate': 1.8832588218589612e-05, 'weight_decay': 1.4098496852342177e-06}. Best is trial 2 with value: 0.36690508380251113.
12178.9s	128	Epoch 2 - Train Loss: 0.2921 - Accuracy: 0.8762
12178.9s	129	Validation - Loss: 0.3669 - Accuracy: 0.8479
12179.1s	130	Some weights of BertForSequenceClassification were not initialized from the model checkpoint at bert-base-uncased and are newly initialized: ['classifier.bias', 'classifier.weight']
12179.1s	131	You should probably TRAIN this model on a down-stream task to be able to use it for predictions and inference.
12179.5s	132	
12179.5s	133	========== Epoch 1/2 ==========
14201.4s	134	Epoch 1 - Train Loss: 0.4131 - Accuracy: 0.8123
14201.4s	135	Validation - Loss: 0.3756 - Accuracy: 0.8351
14201.4s	136	
14201.4s	137	========== Epoch 2/2 ==========
16206.2s	138	[I 2025-06-03 02:01:04,893] Trial 3 finished with value: 0.3685228884838662 and parameters: {'learning_rate': 4.157423366364046e-06, 'weight_decay': 0.0008486648330565312}. Best is trial 2 with value: 0.36690508380251113.
16206.4s	139	Epoch 2 - Train Loss: 0.3577 - Accuracy: 0.8422
16206.4s	140	Validation - Loss: 0.3685 - Accuracy: 0.8396
16206.7s	141	Some weights of BertForSequenceClassification were not initialized from the model checkpoint at bert-base-uncased and are newly initialized: ['classifier.bias', 'classifier.weight']
16206.7s	142	You should probably TRAIN this model on a down-stream task to be able to use it for predictions and inference.
16207.1s	143	
16207.1s	144	========== Epoch 1/2 ==========
18209.0s	145	Epoch 1 - Train Loss: 0.3913 - Accuracy: 0.8251
18209.0s	146	Validation - Loss: 0.3606 - Accuracy: 0.8408
18209.0s	147	
18209.0s	148	========== Epoch 2/2 ==========
20210.7s	149	[I 2025-06-03 03:07:49,371] Trial 4 finished with value: 0.3781543184901183 and parameters: {'learning_rate': 4.2258565744499724e-05, 'weight_decay': 0.00897628439218222}. Best is trial 2 with value: 0.36690508380251113.
20210.7s	150	Epoch 2 - Train Loss: 0.2663 - Accuracy: 0.8895
20210.7s	151	Validation - Loss: 0.3782 - Accuracy: 0.8480
20210.7s	152	Best hyperparameters: {'learning_rate': 1.8832588218589612e-05, 'weight_decay': 1.4098496852342177e-06}






3 epochs

60.0s	    100	========== Epoch 1/3 ==========
2097.4s	    101	Epoch 1 - Train Loss: 0.3887 - Accuracy: 0.8259
2097.4s	    102	Validation - Loss: 0.3562 - Accuracy: 0.8436
2097.4s	    103	
2097.4s 	104	========== Epoch 2/3 ==========
4136.5s 	105	Epoch 2 - Train Loss: 0.2897 - Accuracy: 0.8784
4136.5s 	106	Validation - Loss: 0.3624 - Accuracy: 0.8472
4136.5s 	107	
4136.5s 	108	========== Epoch 3/3 ==========
6176.7s 	109	[I 2025-05-24 17:40:00,087] Trial 0 finished with value: 0.43033312625198994 and parameters: {'learning_rate': 2.1002334012053967e-05, 'weight_decay': 5.330543796461684e-06}. Best is trial 0 with value: 0.43033312625198994.
6176.9s	    110	Epoch 3 - Train Loss: 0.2080 - Accuracy: 0.9183
6176.9s	    111	Validation - Loss: 0.4303 - Accuracy: 0.8430
6177.1s	    112	Some weights of BertForSequenceClassification were not initialized from the model checkpoint at bert-base-uncased and are newly initialized: ['classifier.bias', 'classifier.weight']
6177.1s	    113	You should probably TRAIN this model on a down-stream task to be able to use it for predictions and inference.
6177.5s 	114	
6177.5s 	115	========== Epoch 1/3 ==========
8217.2s 	116	Epoch 1 - Train Loss: 0.3881 - Accuracy: 0.8263
8217.2s 	117	Validation - Loss: 0.3567 - Accuracy: 0.8438
8217.2s 	118	
8217.2s 	119	========== Epoch 2/3 ==========
10259.5s	120	Epoch 2 - Train Loss: 0.2872 - Accuracy: 0.8796
10259.5s	121	Validation - Loss: 0.3622 - Accuracy: 0.8476
10259.5s	122	
10259.5s	123	========== Epoch 3/3 ==========
12300.7s	124	[I 2025-05-24 19:22:04,064] Trial 1 finished with value: 0.43761448011926884 and parameters: {'learning_rate': 2.2350488419162358e-05, 'weight_decay': 4.797887948273352e-05}. Best is trial 0 with value: 0.43033312625198994.
12300.8s	125	Epoch 3 - Train Loss: 0.2023 - Accuracy: 0.9209
12300.8s	126	Validation - Loss: 0.4376 - Accuracy: 0.8443
12304.9s	127	Some weights of BertForSequenceClassification were not initialized from the model checkpoint at bert-base-uncased and are newly initialized: ['classifier.bias', 'classifier.weight']
12304.9s	128	You should probably TRAIN this model on a down-stream task to be able to use it for predictions and inference.
12305.3s	129	
12305.3s	130	========== Epoch 1/3 ==========
14344.4s	131	Epoch 1 - Train Loss: 0.3889 - Accuracy: 0.8260
14344.4s	132	Validation - Loss: 0.3572 - Accuracy: 0.8436
14344.4s	133	
14344.4s	134	========== Epoch 2/3 ==========
16381.9s	135	Epoch 2 - Train Loss: 0.2905 - Accuracy: 0.8776
16381.9s	136	Validation - Loss: 0.3632 - Accuracy: 0.8469
16381.9s	137	
16381.9s	138	========== Epoch 3/3 ==========
18416.8s	139	[I 2025-05-24 21:04:00,244] Trial 2 finished with value: 0.4308698641761856 and parameters: {'learning_rate': 2.067449251297657e-05, 'weight_decay': 7.972812913290453e-06}. Best is trial 0 with value: 0.43033312625198994.
18417.0s	140	Epoch 3 - Train Loss: 0.2096 - Accuracy: 0.9171
18417.0s	141	Validation - Loss: 0.4309 - Accuracy: 0.8442
18417.1s	142	Some weights of BertForSequenceClassification were not initialized from the model checkpoint at bert-base-uncased and are newly initialized: ['classifier.bias', 'classifier.weight']
18417.1s	143	You should probably TRAIN this model on a down-stream task to be able to use it for predictions and inference.
18417.5s	144	
18417.5s	145	========== Epoch 1/3 ==========
20454.3s	146	Epoch 1 - Train Loss: 0.4009 - Accuracy: 0.8184
20454.3s	147	Validation - Loss: 0.3650 - Accuracy: 0.8388
20454.3s	148	
20454.3s	149	========== Epoch 2/3 ==========
22491.2s	150	Epoch 2 - Train Loss: 0.3356 - Accuracy: 0.8541
22491.2s	151	Validation - Loss: 0.3606 - Accuracy: 0.8438
22491.2s	152	
22491.2s	153	========== Epoch 3/3 ==========
24527.7s	154	[I 2025-05-24 22:45:51,111] Trial 3 finished with value: 0.36997769100486105 and parameters: {'learning_rate': 6.831740123539786e-06, 'weight_decay': 2.6338210907368616e-06}. Best is trial 3 with value: 0.36997769100486105.
24527.9s	155	Epoch 3 - Train Loss: 0.3023 - Accuracy: 0.8717
24527.9s	156	Validation - Loss: 0.3700 - Accuracy: 0.8446
24528.2s	157	Some weights of BertForSequenceClassification were not initialized from the model checkpoint at bert-base-uncased and are newly initialized: ['classifier.bias', 'classifier.weight']
24528.2s	158	You should probably TRAIN this model on a down-stream task to be able to use it for predictions and inference.
24528.6s	159	
24528.6s	160	========== Epoch 1/3 ==========
26566.7s	161	Epoch 1 - Train Loss: 0.4530 - Accuracy: 0.7886
26566.7s	162	Validation - Loss: 0.3972 - Accuracy: 0.8246
26566.7s	163	
26566.7s	164	========== Epoch 2/3 ==========
28604.4s	165	Epoch 2 - Train Loss: 0.3920 - Accuracy: 0.8249
28604.4s	166	Validation - Loss: 0.3855 - Accuracy: 0.8304
28604.4s	167	
28604.4s	168	========== Epoch 3/3 ==========
30641.3s	169	[I 2025-05-25 00:27:44,661] Trial 4 finished with value: 0.3821884366251388 and parameters: {'learning_rate': 1.3810849368128761e-06, 'weight_decay': 0.00311185600997986}. Best is trial 3 with value: 0.36997769100486105.
30641.3s	170	Epoch 3 - Train Loss: 0.3788 - Accuracy: 0.8313
30641.3s	171	Validation - Loss: 0.3822 - Accuracy: 0.8327
30641.3s	172	Best hyperparameters: {'learning_rate': 6.831740123539786e-06, 'weight_decay': 2.6338210907368616e-06}


61.4s	    100	========== Epoch 1/3 ==========
2078.3s	    101	Epoch 1 - Train Loss: 0.4330 - Accuracy: 0.8011
2078.3s	    102	Validation - Loss: 0.3864 - Accuracy: 0.8298
2078.3s	    103	
2078.3s	    104	========== Epoch 2/3 ==========
4095.2s	    105	Epoch 2 - Train Loss: 0.3746 - Accuracy: 0.8338
4095.2s	    106	Validation - Loss: 0.3771 - Accuracy: 0.8348
4095.2s	    107	
4095.2s	    108	========== Epoch 3/3 ==========
6111.2s	    109	[I 2025-05-26 21:36:03,967] Trial 0 finished with value: 0.37437395272952206 and parameters: {'learning_rate': 2.3822125748859134e-06, 'weight_decay': 8.32079253268283e-05}. Best is trial 0 with value: 0.37437395272952206.
6111.4s	    110	Epoch 3 - Train Loss: 0.3582 - Accuracy: 0.8419
6111.4s	    111	Validation - Loss: 0.3744 - Accuracy: 0.8373
6111.8s	    112	Some weights of BertForSequenceClassification were not initialized from the model checkpoint at bert-base-uncased and are newly initialized: ['classifier.bias', 'classifier.weight']
6111.8s	    113	You should probably TRAIN this model on a down-stream task to be able to use it for predictions and inference.
6112.3s	    114	
6112.3s	    115	========== Epoch 1/3 ==========
8127.3s	    116	Epoch 1 - Train Loss: 0.4087 - Accuracy: 0.8148
8127.3s 	117	Validation - Loss: 0.3712 - Accuracy: 0.8370
8127.3s	    118	
8127.3s 	119	========== Epoch 2/3 ==========
10139.4s	120	Epoch 2 - Train Loss: 0.3489 - Accuracy: 0.8468
10139.4s	121	Validation - Loss: 0.3651 - Accuracy: 0.8417
10139.4s	122	
10139.4s	123	========== Epoch 3/3 ==========
12152.7s	124	[I 2025-05-26 23:16:45,482] Trial 1 finished with value: 0.36793896957388467 and parameters: {'learning_rate': 4.8482724473194664e-06, 'weight_decay': 0.003722915391743309}. Best is trial 1 with value: 0.36793896957388467.
12152.9s	125	Epoch 3 - Train Loss: 0.3236 - Accuracy: 0.8605
12152.9s	126	Validation - Loss: 0.3679 - Accuracy: 0.8428
12153.0s	127	Some weights of BertForSequenceClassification were not initialized from the model checkpoint at bert-base-uncased and are newly initialized: ['classifier.bias', 'classifier.weight']
12153.0s	128	You should probably TRAIN this model on a down-stream task to be able to use it for predictions and inference.
12153.4s	129	
12153.4s	130	========== Epoch 1/3 ==========
14165.3s	131	Epoch 1 - Train Loss: 0.4384 - Accuracy: 0.7975
14165.3s	132	Validation - Loss: 0.3896 - Accuracy: 0.8275
14165.3s	133	
14165.3s	134	========== Epoch 2/3 ==========
16175.7s	135	Epoch 2 - Train Loss: 0.3802 - Accuracy: 0.8307
16175.7s	136	Validation - Loss: 0.3796 - Accuracy: 0.8329
16175.7s	137	
16175.7s	138	========== Epoch 3/3 ==========
18186.8s	139	[I 2025-05-27 00:57:19,531] Trial 2 finished with value: 0.376283203324057 and parameters: {'learning_rate': 2.0651810930706367e-06, 'weight_decay': 5.48887309792033e-05}. Best is trial 1 with value: 0.36793896957388467.
18186.9s	140	Epoch 3 - Train Loss: 0.3649 - Accuracy: 0.8385
18186.9s	141	Validation - Loss: 0.3763 - Accuracy: 0.8349
18187.2s	142	Some weights of BertForSequenceClassification were not initialized from the model checkpoint at bert-base-uncased and are newly initialized: ['classifier.bias', 'classifier.weight']
18187.2s	143	You should probably TRAIN this model on a down-stream task to be able to use it for predictions and inference.
18187.6s	144	
18187.6s	145	========== Epoch 1/3 ==========
20198.7s	146	Epoch 1 - Train Loss: 0.4061 - Accuracy: 0.8158
20198.7s	147	Validation - Loss: 0.3689 - Accuracy: 0.8373
20198.7s	148	
20198.7s	149	========== Epoch 2/3 ==========
22212.3s	150	Epoch 2 - Train Loss: 0.3445 - Accuracy: 0.8490
22212.3s	151	Validation - Loss: 0.3634 - Accuracy: 0.8418
22212.3s	152	
22212.3s	153	========== Epoch 3/3 ==========
24229.4s	154	[I 2025-05-27 02:38:02,171] Trial 3 finished with value: 0.3678747267599376 and parameters: {'learning_rate': 5.560149010338959e-06, 'weight_decay': 0.004649485445995655}. Best is trial 3 with value: 0.3678747267599376.
24229.6s	155	Epoch 3 - Train Loss: 0.3163 - Accuracy: 0.8641
24229.6s	156	Validation - Loss: 0.3679 - Accuracy: 0.8429
24229.7s	157	Some weights of BertForSequenceClassification were not initialized from the model checkpoint at bert-base-uncased and are newly initialized: ['classifier.bias', 'classifier.weight']
24229.7s	158	You should probably TRAIN this model on a down-stream task to be able to use it for predictions and inference.
24230.1s	159	
24230.1s	160	========== Epoch 1/3 ==========
26246.8s	161	Epoch 1 - Train Loss: 0.4674 - Accuracy: 0.7797
26246.8s	162	Validation - Loss: 0.4046 - Accuracy: 0.8201
26246.8s	163	
26246.8s	164	========== Epoch 2/3 ==========
28264.0s	165	Epoch 2 - Train Loss: 0.4019 - Accuracy: 0.8195
28264.0s	166	Validation - Loss: 0.3915 - Accuracy: 0.8258
28264.0s	167	
28264.0s	168	========== Epoch 3/3 ==========
30277.2s	169	[I 2025-05-27 04:18:49,933] Trial 4 finished with value: 0.3881438763299078 and parameters: {'learning_rate': 1.0344673667593142e-06, 'weight_decay': 2.177445950247307e-05}. Best is trial 3 with value: 0.3678747267599376.
30277.2s	170	Epoch 3 - Train Loss: 0.3895 - Accuracy: 0.8262
30277.2s	171	Validation - Loss: 0.3881 - Accuracy: 0.8281
30277.2s	172	Best hyperparameters: {'learning_rate': 5.560149010338959e-06, 'weight_decay': 0.004649485445995655}


67.1s	    100	========== Epoch 1/3 ==========
2123.4s 	101	Epoch 1 - Train Loss: 0.4636 - Accuracy: 0.7824
2123.4s 	102	Validation - Loss: 0.4026 - Accuracy: 0.8216
2123.4s 	103	
2123.4s 	104	========== Epoch 2/3 ==========
4181.8s 	105	Epoch 2 - Train Loss: 0.3993 - Accuracy: 0.8208
4181.8s 	106	Validation - Loss: 0.3898 - Accuracy: 0.8275
4181.8s 	107	
4181.8s	    108	========== Epoch 3/3 ==========
6238.6s	    109	[I 2025-06-01 12:27:24,544] Trial 0 finished with value: 0.3864902579334547 and parameters: {'learning_rate': 1.1242122052652855e-06, 'weight_decay': 3.9343021628520954e-05}. Best is trial 0 with value: 0.3864902579334547.
6238.8s	    110	Epoch 3 - Train Loss: 0.3867 - Accuracy: 0.8276
6238.8s	    111	Validation - Loss: 0.3865 - Accuracy: 0.8293
6238.9s 	112	Some weights of BertForSequenceClassification were not initialized from the model checkpoint at bert-base-uncased and are newly initialized: ['classifier.bias', 'classifier.weight']
6238.9s 	113	You should probably TRAIN this model on a down-stream task to be able to use it for predictions and inference.
6239.4s	    114	
6239.4s	    115	========== Epoch 1/3 ==========
8299.3s	    116	Epoch 1 - Train Loss: 0.4466 - Accuracy: 0.7929
8299.3s	    117	Validation - Loss: 0.3941 - Accuracy: 0.8254
8299.3s	    118	
8299.3s	    119	========== Epoch 2/3 ==========
10362.6s	120	Epoch 2 - Train Loss: 0.3872 - Accuracy: 0.8271
10362.6s	121	Validation - Loss: 0.3828 - Accuracy: 0.8321
10362.6s	122	
10362.6s	123	========== Epoch 3/3 ==========
12427.1s	124	[I 2025-06-01 14:10:33,024] Trial 1 finished with value: 0.37960040284777585 and parameters: {'learning_rate': 1.5819861827835263e-06, 'weight_decay': 0.0009628567459775428}. Best is trial 1 with value: 0.37960040284777585.
12427.3s	125	Epoch 3 - Train Loss: 0.3736 - Accuracy: 0.8340
12427.3s	126	Validation - Loss: 0.3796 - Accuracy: 0.8343
12427.5s	127	Some weights of BertForSequenceClassification were not initialized from the model checkpoint at bert-base-uncased and are newly initialized: ['classifier.bias', 'classifier.weight']
12427.5s	128	You should probably TRAIN this model on a down-stream task to be able to use it for predictions and inference.
12427.8s	129	
12427.8s	130	========== Epoch 1/3 ==========
14491.2s	131	Epoch 1 - Train Loss: 0.3906 - Accuracy: 0.8249
14491.2s	132	Validation - Loss: 0.3604 - Accuracy: 0.8444
14491.2s	133	
14491.2s	134	========== Epoch 2/3 ==========
16552.7s	135	Epoch 2 - Train Loss: 0.2803 - Accuracy: 0.8828
16552.7s	136	Validation - Loss: 0.3626 - Accuracy: 0.8467
16552.7s	137	
16552.7s	138	========== Epoch 3/3 ==========
18612.0s	139	[I 2025-06-01 15:53:37,907] Trial 2 finished with value: 0.4729419161252818 and parameters: {'learning_rate': 3.141925726318445e-05, 'weight_decay': 5.0814664513088425e-06}. Best is trial 1 with value: 0.37960040284777585.
18612.2s	140	Epoch 3 - Train Loss: 0.1784 - Accuracy: 0.9321
18612.2s	141	Validation - Loss: 0.4729 - Accuracy: 0.8418
18612.3s	142	Some weights of BertForSequenceClassification were not initialized from the model checkpoint at bert-base-uncased and are newly initialized: ['classifier.bias', 'classifier.weight']
18612.3s	143	You should probably TRAIN this model on a down-stream task to be able to use it for predictions and inference.
18612.7s	144	
18612.7s	145	========== Epoch 1/3 ==========
20673.3s	146	Epoch 1 - Train Loss: 0.4359 - Accuracy: 0.7987
20673.3s	147	Validation - Loss: 0.3875 - Accuracy: 0.8288
20673.3s	148	
20673.3s	149	========== Epoch 2/3 ==========
22735.8s	150	Epoch 2 - Train Loss: 0.3783 - Accuracy: 0.8320
22735.8s	151	Validation - Loss: 0.3778 - Accuracy: 0.8344
22735.8s	152	
22735.8s	153	========== Epoch 3/3 ==========
24796.9s	154	[I 2025-06-01 17:36:42,862] Trial 3 finished with value: 0.3748930691154498 and parameters: {'learning_rate': 2.0702946735266774e-06, 'weight_decay': 1.382787990560754e-06}. Best is trial 3 with value: 0.3748930691154498.
24797.1s	155	Epoch 3 - Train Loss: 0.3631 - Accuracy: 0.8396
24797.1s	156	Validation - Loss: 0.3749 - Accuracy: 0.8366
24797.3s	157	Some weights of BertForSequenceClassification were not initialized from the model checkpoint at bert-base-uncased and are newly initialized: ['classifier.bias', 'classifier.weight']
24797.3s	158	You should probably TRAIN this model on a down-stream task to be able to use it for predictions and inference.
24797.6s	159	
24797.6s	160	========== Epoch 1/3 ==========
26863.7s	161	Epoch 1 - Train Loss: 0.3995 - Accuracy: 0.8194
26863.7s	162	Validation - Loss: 0.3638 - Accuracy: 0.8397
26863.7s	163	
26863.7s	164	========== Epoch 2/3 ==========
28938.5s	165	Epoch 2 - Train Loss: 0.3313 - Accuracy: 0.8562
28938.5s	166	Validation - Loss: 0.3600 - Accuracy: 0.8436
28938.5s	167	
28938.5s	168	========== Epoch 3/3 ==========
31014.8s	169	[I 2025-06-01 19:20:20,670] Trial 4 finished with value: 0.37232355950575957 and parameters: {'learning_rate': 7.616072425181388e-06, 'weight_decay': 7.451775574994227e-06}. Best is trial 4 with value: 0.37232355950575957.
31014.8s	170	Epoch 3 - Train Loss: 0.2946 - Accuracy: 0.8759
31014.8s	171	Validation - Loss: 0.3723 - Accuracy: 0.8445
31014.8s	172	Best hyperparameters: {'learning_rate': 7.616072425181388e-06, 'weight_decay': 7.451775574994227e-06}


60.8s	    100	========== Epoch 1/3 ==========
2064.0s	    101	Epoch 1 - Train Loss: 0.3987 - Accuracy: 0.8200
2064.0s	    102	Validation - Loss: 0.3634 - Accuracy: 0.8396
2064.0s 	103	
2064.0s	    104	========== Epoch 2/3 ==========
4068.0s	    105	Epoch 2 - Train Loss: 0.3282 - Accuracy: 0.8576
4068.0s	    106	Validation - Loss: 0.3601 - Accuracy: 0.8445
4068.0s 	107	
4068.0s 	108	========== Epoch 3/3 ==========
6104.4s	    109	[I 2025-06-02 23:11:58,474] Trial 0 finished with value: 0.37473341466964416 and parameters: {'learning_rate': 8.367305658389786e-06, 'weight_decay': 0.002804027282190487}. Best is trial 0 with value: 0.37473341466964416.
6104.5s 	110	Epoch 3 - Train Loss: 0.2888 - Accuracy: 0.8787
6104.5s 	111	Validation - Loss: 0.3747 - Accuracy: 0.8452
6104.8s 	112	Some weights of BertForSequenceClassification were not initialized from the model checkpoint at bert-base-uncased and are newly initialized: ['classifier.bias', 'classifier.weight']
6104.8s	    113	You should probably TRAIN this model on a down-stream task to be able to use it for predictions and inference.
6105.2s	    114	
6105.2s	    115	========== Epoch 1/3 ==========
8126.0s	    116	Epoch 1 - Train Loss: 0.3919 - Accuracy: 0.8234
8126.0s	    117	Validation - Loss: 0.3574 - Accuracy: 0.8429
8126.0s	    118	
8126.0s	    119	========== Epoch 2/3 ==========
10161.1s	120	Epoch 2 - Train Loss: 0.3017 - Accuracy: 0.8717
10161.1s	121	Validation - Loss: 0.3602 - Accuracy: 0.8477
10161.1s	122	
10161.1s	123	========== Epoch 3/3 ==========
12198.5s	124	[I 2025-06-03 00:53:32,571] Trial 1 finished with value: 0.4059895187307079 and parameters: {'learning_rate': 1.6154941590054314e-05, 'weight_decay': 4.1568033747614274e-05}. Best is trial 0 with value: 0.37473341466964416.
12198.6s	125	Epoch 3 - Train Loss: 0.2338 - Accuracy: 0.9060
12198.6s	126	Validation - Loss: 0.4060 - Accuracy: 0.8445
12198.8s	127	Some weights of BertForSequenceClassification were not initialized from the model checkpoint at bert-base-uncased and are newly initialized: ['classifier.bias', 'classifier.weight']
12198.8s	128	You should probably TRAIN this model on a down-stream task to be able to use it for predictions and inference.
12199.1s	129	
12199.1s	130	========== Epoch 1/3 ==========
14223.4s	131	Epoch 1 - Train Loss: 0.4314 - Accuracy: 0.8019
14223.4s	132	Validation - Loss: 0.3849 - Accuracy: 0.8304
14223.4s	133	
14223.4s	134	========== Epoch 2/3 ==========
16248.3s	135	Epoch 2 - Train Loss: 0.3738 - Accuracy: 0.8340
16248.3s	136	Validation - Loss: 0.3757 - Accuracy: 0.8356
16248.3s	137	
16248.3s	138	========== Epoch 3/3 ==========
