5733.3s	    104	[I 2025-05-23 22:28:03,514] Trial 0 finished with value: 1.0022308719258093 and parameters: {'learning_rate': 9.157647168472036e-06, 'weight_decay': 2.0407155452259344e-05}. Best is trial 0 with value: 1.0022308719258093.
5733.4s 	105	Epoch 3/3 - Loss: 0.2815
5733.6s 	106	Some weights of BertForSequenceClassification were not initialized from the model checkpoint at bert-base-uncased and are newly initialized: ['classifier.bias', 'classifier.weight']
5733.6s	    107	You should probably TRAIN this model on a down-stream task to be able to use it for predictions and inference.
5734.0s	    108	========== Epoch 1/3 ==========
7604.6s	    109	Epoch 1/3 - Loss: 0.3926
7604.6s	    110	========== Epoch 2/3 ==========
9484.2s	    111	Epoch 2/3 - Loss: 0.2763
9484.2s	    112	========== Epoch 3/3 ==========
11378.2s	113	[I 2025-05-24 00:02:08,500] Trial 1 finished with value: 0.8308502905775197 and parameters: {'learning_rate': 4.022191034844422e-05, 'weight_decay': 0.003208890480961004}. Best is trial 1 with value: 0.8308502905775197.
11378.4s	114	Epoch 3/3 - Loss: 0.1619
11378.6s	115	Some weights of BertForSequenceClassification were not initialized from the model checkpoint at bert-base-uncased and are newly initialized: ['classifier.bias', 'classifier.weight']
11378.6s	116	You should probably TRAIN this model on a down-stream task to be able to use it for predictions and inference.
11378.9s	117	========== Epoch 1/3 ==========
13271.3s	118	Epoch 1/3 - Loss: 0.4084
13271.3s	119	========== Epoch 2/3 ==========
15160.7s	120	Epoch 2/3 - Loss: 0.3470
15160.7s	121	========== Epoch 3/3 ==========
17051.1s	122	[I 2025-05-24 01:36:41,379] Trial 2 finished with value: 1.0749979202425546 and parameters: {'learning_rate': 5.303271471618405e-06, 'weight_decay': 0.0015487211132598803}. Best is trial 1 with value: 0.8308502905775197.
17051.3s	123	Epoch 3/3 - Loss: 0.3196
17051.4s	124	Some weights of BertForSequenceClassification were not initialized from the model checkpoint at bert-base-uncased and are newly initialized: ['classifier.bias', 'classifier.weight']
17051.4s	125	You should probably TRAIN this model on a down-stream task to be able to use it for predictions and inference.
17051.8s	126	========== Epoch 1/3 ==========
18944.2s	127	Epoch 1/3 - Loss: 0.4010
18944.2s	128	========== Epoch 2/3 ==========
20835.3s	129	Epoch 2/3 - Loss: 0.3321
20835.3s	130	========== Epoch 3/3 ==========
22729.8s	131	[I 2025-05-24 03:11:20,012] Trial 3 finished with value: 1.0279135721430035 and parameters: {'learning_rate': 7.70435741830329e-06, 'weight_decay': 2.7236329933036883e-05}. Best is trial 1 with value: 0.8308502905775197.
22729.9s	132	Epoch 3/3 - Loss: 0.2948
22730.1s	133	Some weights of BertForSequenceClassification were not initialized from the model checkpoint at bert-base-uncased and are newly initialized: ['classifier.bias', 'classifier.weight']
22730.1s	134	You should probably TRAIN this model on a down-stream task to be able to use it for predictions and inference.
22730.5s	135	========== Epoch 1/3 ==========
24626.3s	136	Epoch 1/3 - Loss: 0.3894
24626.3s	137	========== Epoch 2/3 ==========
26522.3s	138	Epoch 2/3 - Loss: 0.2862
26522.3s	139	========== Epoch 3/3 ==========
28417.7s	140	[I 2025-05-24 04:46:07,928] Trial 4 finished with value: 0.8725422325159723 and parameters: {'learning_rate': 2.3945624814221465e-05, 'weight_decay': 1.2631897373941236e-05}. Best is trial 1 with value: 0.8308502905775197.
28417.7s	141	Epoch 3/3 - Loss: 0.1970
28417.7s	142	Best hyperparameters: {'learning_rate': 4.022191034844422e-05, 'weight_decay': 0.003208890480961004}


mozilla
5708.0s	    104	[I 2025-05-23 13:41:02,075] Trial 0 finished with value: 0.8388377257376595 and parameters: {'learning_rate': 3.6004344395619075e-05, 'weight_decay': 5.787360919516922e-06}. Best is trial 0 with value: 0.8388377257376595.
5708.2s	    105	Epoch 3/3 - Loss: 0.1696
5708.3s 	106	Some weights of BertForSequenceClassification were not initialized from the model checkpoint at bert-base-uncased and are newly initialized: ['classifier.bias', 'classifier.weight']
5708.3s 	107	You should probably TRAIN this model on a down-stream task to be able to use it for predictions and inference.
5708.7s 	108	========== Epoch 1/3 ==========
7594.2s 	109	Epoch 1/3 - Loss: 0.4231
7594.2s 	110	========== Epoch 2/3 ==========
9479.5s	    111	Epoch 2/3 - Loss: 0.3658
9479.5s	    112	========== Epoch 3/3 ==========
11365.5s	113	[I 2025-05-23 15:15:19,517] Trial 1 finished with value: 1.1351889214233855 and parameters: {'learning_rate': 3.156943717851612e-06, 'weight_decay': 1.3943578883922608e-06}. Best is trial 0 with value: 0.8388377257376595.
11365.7s	114	Epoch 3/3 - Loss: 0.3463
11365.7s	115	Some weights of BertForSequenceClassification were not initialized from the model checkpoint at bert-base-uncased and are newly initialized: ['classifier.bias', 'classifier.weight']
11365.7s	116	You should probably TRAIN this model on a down-stream task to be able to use it for predictions and inference.
11366.1s	117	========== Epoch 1/3 ==========
13251.4s	118	Epoch 1/3 - Loss: 0.3901
13251.4s	119	========== Epoch 2/3 ==========
15136.2s	120	Epoch 2/3 - Loss: 0.2797
15136.2s	121	========== Epoch 3/3 ==========
17020.5s	122	[I 2025-05-23 16:49:34,517] Trial 2 finished with value: 0.8463180419993348 and parameters: {'learning_rate': 3.1542800574600574e-05, 'weight_decay': 4.763272877263265e-05}. Best is trial 0 with value: 0.8388377257376595.
17020.7s	123	Epoch 3/3 - Loss: 0.1765
17021.0s	124	Some weights of BertForSequenceClassification were not initialized from the model checkpoint at bert-base-uncased and are newly initialized: ['classifier.bias', 'classifier.weight']
17021.0s	125	You should probably TRAIN this model on a down-stream task to be able to use it for predictions and inference.
17021.3s	126	========== Epoch 1/3 ==========
18905.9s	127	Epoch 1/3 - Loss: 0.3960
18905.9s	128	========== Epoch 2/3 ==========
20792.6s	129	Epoch 2/3 - Loss: 0.3254
20792.6s	130	========== Epoch 3/3 ==========
22678.0s	131	[I 2025-05-23 18:23:52,017] Trial 3 finished with value: 1.004021167491674 and parameters: {'learning_rate': 8.968267728600933e-06, 'weight_decay': 2.658136126924694e-06}. Best is trial 0 with value: 0.8388377257376595.
22678.2s	132	Epoch 3/3 - Loss: 0.2826
22678.2s	133	Some weights of BertForSequenceClassification were not initialized from the model checkpoint at bert-base-uncased and are newly initialized: ['classifier.bias', 'classifier.weight']
22678.2s	134	You should probably TRAIN this model on a down-stream task to be able to use it for predictions and inference.
22678.6s	135	========== Epoch 1/3 ==========
24565.4s	136	Epoch 1/3 - Loss: 0.3889
24565.4s	137	========== Epoch 2/3 ==========
26452.5s	138	Epoch 2/3 - Loss: 0.2899
26452.5s	139	========== Epoch 3/3 ==========
28344.1s	140	[I 2025-05-23 19:58:18,100] Trial 4 finished with value: 0.8851038188392031 and parameters: {'learning_rate': 2.1721810848557657e-05, 'weight_decay': 0.007365281160582376}. Best is trial 0 with value: 0.8388377257376595.
28344.1s	141	Epoch 3/3 - Loss: 0.2063
28344.1s	142	Best hyperparameters: {'learning_rate': 3.6004344395619075e-05, 'weight_decay': 5.787360919516922e-06}






















ΕΓΚΥΡΑ:































optuna based on validation loss:

2 epochs

60.5s	    328	========== Epoch 1/2 ==========
2093.4s	    329	Epoch 1 - Train Loss: 0.4078 - Accuracy: 0.8152
2093.4s	    330	Validation - Loss: 0.3713 - Accuracy: 0.8369
2093.4s	    331	
2093.4s	    332	========== Epoch 2/2 ==========
4127.0s	    247	[I 2025-05-24 14:58:46,162] Trial 0 finished with value: 0.3661916409348542 and parameters: {'learning_rate': 5.048637554530781e-06, 'weight_decay': 1.0309720341082311e-05}. Best is trial 0 with value: 0.3661916409348542.
4127.2s	    333	Epoch 2 - Train Loss: 0.3504 - Accuracy: 0.8460
4127.2s	    334	Validation - Loss: 0.3662 - Accuracy: 0.8406
4127.8s	    335	
4127.8s	    336	========== Epoch 1/2 ==========
6162.2s	    337	Epoch 1 - Train Loss: 0.4390 - Accuracy: 0.7975
6162.2s	    338	Validation - Loss: 0.3917 - Accuracy: 0.8271
6162.2s 	339	
6162.2s 	340	========== Epoch 2/2 ==========
8197.1s     341	[I 2025-05-24 16:06:36,337] Trial 1 finished with value: 0.381266564760568 and parameters: {'learning_rate': 2.077170636710475e-06, 'weight_decay': 0.00013125648631341912}. Best is trial 0 with value: 0.3661916409348542.
8197.3s	    342	Epoch 2 - Train Loss: 0.3838 - Accuracy: 0.8292
8197.3s 	343	Validation - Loss: 0.3813 - Accuracy: 0.8315
8197.5s	    344	Some weights of BertForSequenceClassification were not initialized from the model checkpoint at bert-base-uncased and are newly initialized: ['classifier.bias', 'classifier.weight']
8197.5s	    45	You should probably TRAIN this model on a down-stream task to be able to use it for predictions and inference.
8197.9s	    346	
8197.9s	    347	========== Epoch 1/2 ==========
10233.9s	348	Epoch 1 - Train Loss: 0.4640 - Accuracy: 0.7827
10233.9s	349	Validation - Loss: 0.4041 - Accuracy: 0.8205
10233.9s	350	
10233.9s	351	========== Epoch 2/2 ==========
12268.5s	352	[I 2025-05-24 17:14:27,716] Trial 2 finished with value: 0.3941687400273557 and parameters: {'learning_rate': 1.1686355522341704e-06, 'weight_decay': 0.008974578151358147}. Best is trial 0 with value: 0.3661916409348542.
12268.7s	353	Epoch 2 - Train Loss: 0.4037 - Accuracy: 0.8179
12268.7s	354	Validation - Loss: 0.3942 - Accuracy: 0.8242
12269.0s	355	Some weights of BertForSequenceClassification were not initialized from the model checkpoint at bert-base-uncased and are newly initialized: ['classifier.bias', 'classifier.weight']
12269.0s	356	You should probably TRAIN this model on a down-stream task to be able to use it for predictions and inference.
12269.4s	357	
12269.4s	358	========== Epoch 1/2 ==========
14304.6s	359	Epoch 1 - Train Loss: 0.4444 - Accuracy: 0.7943
14304.6s	360	Validation - Loss: 0.3935 - Accuracy: 0.8255
14304.6s	361	
14304.6s	362	========== Epoch 2/2 ==========
16336.4s	363	[I 2025-05-24 18:22:15,644] Trial 3 finished with value: 0.38423763533808153 and parameters: {'learning_rate': 1.7110437871926364e-06, 'weight_decay': 0.009222386379142264}. Best is trial 0 with value: 0.3661916409348542.
16336.6s	364	Epoch 2 - Train Loss: 0.3894 - Accuracy: 0.8263
16336.6s	365	Validation - Loss: 0.3842 - Accuracy: 0.8297
16336.9s	366	Some weights of BertForSequenceClassification were not initialized from the model checkpoint at bert-base-uncased and are newly initialized: ['classifier.bias', 'classifier.weight']
16336.9s	367	You should probably TRAIN this model on a down-stream task to be able to use it for predictions and inference.
16337.3s	368	
16337.3s	369	========== Epoch 1/2 ==========
18366.1s	370	Epoch 1 - Train Loss: 0.4346 - Accuracy: 0.8002
18366.1s	371	Validation - Loss: 0.3890 - Accuracy: 0.8280
18366.1s	372	
18366.1s	373	========== Epoch 2/2 ==========
20396.1s	374	[I 2025-05-24 19:29:55,328] Trial 4 finished with value: 0.3791565848577697 and parameters: {'learning_rate': 2.353342001768476e-06, 'weight_decay': 0.0016252003748842235}. Best is trial 0 with value: 0.3661916409348542.
20396.1s	375	Epoch 2 - Train Loss: 0.3804 - Accuracy: 0.8302
20396.1s	376	Validation - Loss: 0.3792 - Accuracy: 0.8325
20396.1s	377	Best hyperparameters: {'learning_rate': 5.048637554530781e-06, 'weight_decay': 1.0309720341082311e-05}


61.0s	    99	
61.0s	    100	========== Epoch 1/2 ==========
2064.1s	    101	Epoch 1 - Train Loss: 0.3870 - Accuracy: 0.8270
2064.1s	    102	Validation - Loss: 0.3570 - Accuracy: 0.8437
2064.1s	    103	
2064.1s	    104	========== Epoch 2/2 ==========
4067.5s	    105	[I 2025-05-25 00:17:03,178] Trial 0 finished with value: 0.370954057599576 and parameters: {'learning_rate': 2.6640341515362047e-05, 'weight_decay': 4.1815767992551077e-05}. Best is trial 0 with value: 0.370954057599576.
4067.7s	    106	Epoch 2 - Train Loss: 0.2768 - Accuracy: 0.8844
4067.7s	    107	Validation - Loss: 0.3710 - Accuracy: 0.8482
4067.8s	    108	Some weights of BertForSequenceClassification were not initialized from the model checkpoint at bert-base-uncased and are newly initialized: ['classifier.bias', 'classifier.weight']
4067.8s	    109	You should probably TRAIN this model on a down-stream task to be able to use it for predictions and inference.
4068.2s	    110	
4068.2s	    111	========== Epoch 1/2 ==========
6073.8s	    112	Epoch 1 - Train Loss: 0.3973 - Accuracy: 0.8202
6073.8s	    113	Validation - Loss: 0.3632 - Accuracy: 0.8401
6073.8s	    114	
6073.8s	    115	========== Epoch 2/2 ==========
8079.6s	    116	[I 2025-05-25 01:23:55,206] Trial 1 finished with value: 0.3625098742685228 and parameters: {'learning_rate': 8.440748351239059e-06, 'weight_decay': 8.495141220208739e-06}. Best is trial 1 with value: 0.3625098742685228.
8079.8s	    117	Epoch 2 - Train Loss: 0.3293 - Accuracy: 0.8573
8079.8s 	118	Validation - Loss: 0.3625 - Accuracy: 0.8446
8080.0s	    119	Some weights of BertForSequenceClassification were not initialized from the model checkpoint at bert-base-uncased and are newly initialized: ['classifier.bias', 'classifier.weight']
8080.0s 	120	You should probably TRAIN this model on a down-stream task to be able to use it for predictions and inference.
8080.3s	    121	
8080.3s	    122	========== Epoch 1/2 ==========
10087.8s	123	Epoch 1 - Train Loss: 0.4671 - Accuracy: 0.7803
10087.8s	124	Validation - Loss: 0.4066 - Accuracy: 0.8191
10087.8s	125	
10087.8s	126	========== Epoch 2/2 ==========
12094.1s	127	[I 2025-05-25 02:30:49,751] Trial 2 finished with value: 0.3961125877668273 and parameters: {'learning_rate': 1.0830453708991054e-06, 'weight_decay': 0.0002393820590952661}. Best is trial 1 with value: 0.3625098742685228.
12094.3s	128	Epoch 2 - Train Loss: 0.4062 - Accuracy: 0.8169
12094.3s	129	Validation - Loss: 0.3961 - Accuracy: 0.8234
12094.4s	130	Some weights of BertForSequenceClassification were not initialized from the model checkpoint at bert-base-uncased and are newly initialized: ['classifier.bias', 'classifier.weight']
12094.4s	131	You should probably TRAIN this model on a down-stream task to be able to use it for predictions and inference.
12094.8s	132	
12094.8s	133	========== Epoch 1/2 ==========
14100.6s	134	Epoch 1 - Train Loss: 0.4291 - Accuracy: 0.8037
14100.6s	135	Validation - Loss: 0.3850 - Accuracy: 0.8293
14100.6s	136	
14100.6s	137	========== Epoch 2/2 ==========
16106.9s	138	[I 2025-05-25 03:37:42,438] Trial 3 finished with value: 0.3765754432835669 and parameters: {'learning_rate': 2.7118637427050586e-06, 'weight_decay': 0.00023342154167283564}. Best is trial 1 with value: 0.3625098742685228.
16107.0s	139	Epoch 2 - Train Loss: 0.3747 - Accuracy: 0.8337
16107.0s	140	Validation - Loss: 0.3766 - Accuracy: 0.8339
16107.1s	141	Some weights of BertForSequenceClassification were not initialized from the model checkpoint at bert-base-uncased and are newly initialized: ['classifier.bias', 'classifier.weight']
16107.1s	142	You should probably TRAIN this model on a down-stream task to be able to use it for predictions and inference.
16107.5s	143	
16107.5s	144	========== Epoch 1/2 ==========
18112.3s	145	Epoch 1 - Train Loss: 0.4339 - Accuracy: 0.8002
18112.3s	146	Validation - Loss: 0.3879 - Accuracy: 0.8292
18112.3s	147	
18112.3s	148	========== Epoch 2/2 ==========
20118.0s	149	[I 2025-05-25 04:44:33,681] Trial 4 finished with value: 0.37891020502684253 and parameters: {'learning_rate': 2.219247129698943e-06, 'weight_decay': 1.2379704164402897e-06}. Best is trial 1 with value: 0.3625098742685228.
20118.0s	150	Epoch 2 - Train Loss: 0.3803 - Accuracy: 0.8309
20118.0s	151	Validation - Loss: 0.3789 - Accuracy: 0.8332
20118.0s	152	Best hyperparameters: {'learning_rate': 8.440748351239059e-06, 'weight_decay': 8.495141220208739e-06}


62.9s	    100	========== Epoch 1/2 ==========
2096.7s	    101	Epoch 1 - Train Loss: 0.3885 - Accuracy: 0.8258
2096.7s	    102	Validation - Loss: 0.3570 - Accuracy: 0.8436
2096.7s	    103	
2096.7s	    104	========== Epoch 2/2 ==========
4131.7s 	105	[I 2025-06-01 12:04:26,073] Trial 0 finished with value: 0.36739556293442566 and parameters: {'learning_rate': 2.0221080610735814e-05, 'weight_decay': 2.81578570409466e-05}. Best is trial 0 with value: 0.36739556293442566.
4131.9s	    106	Epoch 2 - Train Loss: 0.2897 - Accuracy: 0.8782
4131.9s	    107	Validation - Loss: 0.3674 - Accuracy: 0.8492
4132.3s	    108	Some weights of BertForSequenceClassification were not initialized from the model checkpoint at bert-base-uncased and are newly initialized: ['classifier.bias', 'classifier.weight']
4132.3s	    109	You should probably TRAIN this model on a down-stream task to be able to use it for predictions and inference.
4132.7s	    110	
4132.7s	    111	========== Epoch 1/2 ==========
6168.0s	    112	Epoch 1 - Train Loss: 0.3889 - Accuracy: 0.8259
6168.0s	    113	Validation - Loss: 0.3555 - Accuracy: 0.8434
6168.0s	    114	
6168.0s	    115	========== Epoch 2/2 ==========
8203.4s	    116	[I 2025-06-01 13:12:17,686] Trial 1 finished with value: 0.37415080774786336 and parameters: {'learning_rate': 2.9855912215995474e-05, 'weight_decay': 5.233234684239277e-06}. Best is trial 0 with value: 0.36739556293442566.
8203.6s	    117	Epoch 2 - Train Loss: 0.2754 - Accuracy: 0.8854
8203.6s	    118	Validation - Loss: 0.3742 - Accuracy: 0.8483
8203.9s 	119	Some weights of BertForSequenceClassification were not initialized from the model checkpoint at bert-base-uncased and are newly initialized: ['classifier.bias', 'classifier.weight']
8203.9s 	120	You should probably TRAIN this model on a down-stream task to be able to use it for predictions and inference.
8204.3s 	121	
8204.3s 	122	========== Epoch 1/2 ==========
10243.0s	123	Epoch 1 - Train Loss: 0.4393 - Accuracy: 0.7974
10243.0s	124	Validation - Loss: 0.3921 - Accuracy: 0.8262
10243.0s	125	
10243.0s	126	========== Epoch 2/2 ==========
12283.3s	127	[I 2025-06-01 14:20:17,635] Trial 2 finished with value: 0.3817905103598001 and parameters: {'learning_rate': 2.0809219613600006e-06, 'weight_decay': 0.0011114758578285146}. Best is trial 0 with value: 0.36739556293442566.
12283.5s	128	Epoch 2 - Train Loss: 0.3842 - Accuracy: 0.8288
12283.5s	129	Validation - Loss: 0.3818 - Accuracy: 0.8312
12283.8s	130	Some weights of BertForSequenceClassification were not initialized from the model checkpoint at bert-base-uncased and are newly initialized: ['classifier.bias', 'classifier.weight']
12283.8s	131	You should probably TRAIN this model on a down-stream task to be able to use it for predictions and inference.
12284.2s	132	
12284.2s	133	========== Epoch 1/2 ==========
14324.0s	134	Epoch 1 - Train Loss: 0.3969 - Accuracy: 0.8214
14324.0s	135	Validation - Loss: 0.3630 - Accuracy: 0.8407
14324.0s	136	
14324.0s	137	========== Epoch 2/2 ==========
16363.9s	138	[I 2025-06-01 15:28:18,192] Trial 3 finished with value: 0.3619096562659965 and parameters: {'learning_rate': 8.881286312572462e-06, 'weight_decay': 6.388873405617195e-05}. Best is trial 3 with value: 0.3619096562659965.
16364.1s	139	Epoch 2 - Train Loss: 0.3271 - Accuracy: 0.8582
16364.1s	140	Validation - Loss: 0.3619 - Accuracy: 0.8444
16364.4s	141	Some weights of BertForSequenceClassification were not initialized from the model checkpoint at bert-base-uncased and are newly initialized: ['classifier.bias', 'classifier.weight']
16364.4s	142	You should probably TRAIN this model on a down-stream task to be able to use it for predictions and inference.
16364.8s	143	
16364.8s	144	========== Epoch 1/2 ==========
18404.1s	145	Epoch 1 - Train Loss: 0.3902 - Accuracy: 0.8246
18404.1s	146	Validation - Loss: 0.3578 - Accuracy: 0.8426
18404.1s	147	
18404.1s	148	========== Epoch 2/2 ==========
20442.5s	149	[I 2025-06-01 16:36:16,810] Trial 4 finished with value: 0.3633313932115177 and parameters: {'learning_rate': 1.4178116578505638e-05, 'weight_decay': 7.756065125360959e-05}. Best is trial 3 with value: 0.3619096562659965.
20442.5s	150	Epoch 2 - Train Loss: 0.3059 - Accuracy: 0.8695
20442.5s	151	Validation - Loss: 0.3633 - Accuracy: 0.8479
20442.5s	152	Best hyperparameters: {'learning_rate': 8.881286312572462e-06, 'weight_decay': 6.388873405617195e-05}


60.7s	    100	========== Epoch 1/2 ==========
2078.6s	    101	Epoch 1 - Train Loss: 0.3875 - Accuracy: 0.8263
2078.6s	    102	Validation - Loss: 0.3547 - Accuracy: 0.8442
2078.6s	    103	
2078.6s	    104	========== Epoch 2/2 ==========
4096.5s	    105	[I 2025-06-02 22:39:15,156] Trial 0 finished with value: 0.3676028702056633 and parameters: {'learning_rate': 2.126835440190326e-05, 'weight_decay': 1.770310804995584e-06}. Best is trial 0 with value: 0.3676028702056633.
4096.7s	    106	Epoch 2 - Train Loss: 0.2863 - Accuracy: 0.8796
4096.7s	    107	Validation - Loss: 0.3676 - Accuracy: 0.8488
4096.9s	    108	Some weights of BertForSequenceClassification were not initialized from the model checkpoint at bert-base-uncased and are newly initialized: ['classifier.bias', 'classifier.weight']
4096.9s	    109	You should probably TRAIN this model on a down-stream task to be able to use it for predictions and inference.
4097.3s	    110	
4097.3s	    111	========== Epoch 1/2 ==========
6116.7s	    112	Epoch 1 - Train Loss: 0.4458 - Accuracy: 0.7939
6116.7s	    113	Validation - Loss: 0.3960 - Accuracy: 0.8250
6116.7s 	114	
6116.7s 	115	========== Epoch 2/2 ==========
