δικά μου 20/5

187.8s	142	[I 2025-05-20 14:01:35,311] A new study created in memory with name: lr&wd_minim_study
188.1s	143	Some weights of BertForSequenceClassification were not initialized from the model checkpoint at bert-base-uncased and are newly initialized: ['classifier.bias', 'classifier.weight']
188.1s	144	You should probably TRAIN this model on a down-stream task to be able to use it for predictions and inference.
5733.2s	145	[I 2025-05-20 15:34:00,704] Trial 0 finished with value: 1.1549836508319289 and parameters: {'learning_rate': 1.971895995313763e-06, 'weight_decay': 0.0005897985829453132}. Best is trial 0 with value: 1.1549836508319289.
5736.7s	146	Some weights of BertForSequenceClassification were not initialized from the model checkpoint at bert-base-uncased and are newly initialized: ['classifier.bias', 'classifier.weight']
5736.7s	147	You should probably TRAIN this model on a down-stream task to be able to use it for predictions and inference.
11280.0s	148	[I 2025-05-20 17:06:27,534] Trial 1 finished with value: 1.1058200837794487 and parameters: {'learning_rate': 3.2478272442875073e-06, 'weight_decay': 0.0003376015423553595}. Best is trial 1 with value: 1.1058200837794487.
11283.7s	149	Some weights of BertForSequenceClassification were not initialized from the model checkpoint at bert-base-uncased and are newly initialized: ['classifier.bias', 'classifier.weight']
11283.7s	150	You should probably TRAIN this model on a down-stream task to be able to use it for predictions and inference.
16848.9s	151	[I 2025-05-20 18:39:16,429] Trial 2 finished with value: 0.9336553885360096 and parameters: {'learning_rate': 1.52272621090375e-05, 'weight_decay': 0.003095018033837518}. Best is trial 2 with value: 0.9336553885360096.
16849.3s	152	Some weights of BertForSequenceClassification were not initialized from the model checkpoint at bert-base-uncased and are newly initialized: ['classifier.bias', 'classifier.weight']
16849.3s	153	You should probably TRAIN this model on a down-stream task to be able to use it for predictions and inference.
22410.8s	154	[I 2025-05-20 20:11:58,286] Trial 3 finished with value: 0.899291209756859 and parameters: {'learning_rate': 2.373414190971751e-05, 'weight_decay': 0.00031785087440834467}. Best is trial 3 with value: 0.899291209756859.
22411.4s	155	Some weights of BertForSequenceClassification were not initialized from the model checkpoint at bert-base-uncased and are newly initialized: ['classifier.bias', 'classifier.weight']
22411.4s	156	You should probably TRAIN this model on a down-stream task to be able to use it for predictions and inference.
27968.3s	157	[I 2025-05-20 21:44:35,789] Trial 4 finished with value: 1.1448319741846442 and parameters: {'learning_rate': 2.1413720126992203e-06, 'weight_decay': 1.9200134924278872e-06}. Best is trial 3 with value: 0.899291209756859.
27968.3s	158	Best hyperparameters: {'learning_rate': 2.373414190971751e-05, 'weight_decay': 0.00031785087440834467}
27968.7s	159	Some weights of BertForSequenceClassification were not initialized from the model checkpoint at bert-base-uncased and are newly initialized: ['classifier.bias', 'classifier.weight']
27968.7s	160	You should probably TRAIN this model on a down-stream task to be able to use it for predictions and inference.

ειριάννα 20/5

[I 2025-05-20 18:19:09,434] A new study created in memory with name: lr&wd_minim_study
Some weights of BertForSequenceClassification were not initialized from the model checkpoint at bert-base-uncased and are newly initialized: ['classifier.bias', 'classifier.weight']
You should probably TRAIN this model on a down-stream task to be able to use it for predictions and inference.
[I 2025-05-20 19:51:07,176] Trial 0 finished with value: 1.0013792346030435 and parameters: {'learning_rate': 7.701078227687958e-06, 'weight_decay': 4.155479778339206e-05}. Best is trial 0 with value: 1.0013792346030435.
Some weights of BertForSequenceClassification were not initialized from the model checkpoint at bert-base-uncased and are newly initialized: ['classifier.bias', 'classifier.weight']
You should probably TRAIN this model on a down-stream task to be able to use it for predictions and inference.
[I 2025-05-20 21:23:07,570] Trial 1 finished with value: 1.166835566098292 and parameters: {'learning_rate': 1.7581248704366099e-06, 'weight_decay': 6.756002980223409e-06}. Best is trial 0 with value: 1.0013792346030435.
Some weights of BertForSequenceClassification were not initialized from the model checkpoint at bert-base-uncased and are newly initialized: ['classifier.bias', 'classifier.weight']
You should probably TRAIN this model on a down-stream task to be able to use it for predictions and inference.

POST RANDOM SEED:
3 epochs

179.8s	143	[I 2025-05-21 16:45:39,607] A new study created in memory with name: lr&wd_minim_study
180.0s	144	Some weights of BertForSequenceClassification were not initialized from the model checkpoint at bert-base-uncased and are newly initialized: ['classifier.bias', 'classifier.weight']
180.0s	145	You should probably TRAIN this model on a down-stream task to be able to use it for predictions and inference.
5807.3s	146	[I 2025-05-21 18:19:27,058] Trial 0 finished with value: 1.0256351025862624 and parameters: {'learning_rate': 6.603227876059843e-06, 'weight_decay': 1.5581879556318338e-05}. Best is trial 0 with value: 1.0256351025862624.
5807.6s	147	Some weights of BertForSequenceClassification were not initialized from the model checkpoint at bert-base-uncased and are newly initialized: ['classifier.bias', 'classifier.weight']
5807.6s	148	You should probably TRAIN this model on a down-stream task to be able to use it for predictions and inference.
11441.7s	149	[I 2025-05-21 19:53:21,487] Trial 1 finished with value: 1.1305120960408086 and parameters: {'learning_rate': 2.5260623942297513e-06, 'weight_decay': 0.0047667734243689005}. Best is trial 0 with value: 1.0256351025862624.
11442.0s	150	Some weights of BertForSequenceClassification were not initialized from the model checkpoint at bert-base-uncased and are newly initialized: ['classifier.bias', 'classifier.weight']
11442.0s	151	You should probably TRAIN this model on a down-stream task to be able to use it for predictions and inference.
17082.9s	152	[I 2025-05-21 21:27:22,707] Trial 2 finished with value: 0.9448745857037478 and parameters: {'learning_rate': 1.3935203371023922e-05, 'weight_decay': 0.0007977566162120651}. Best is trial 2 with value: 0.9448745857037478.
17083.2s	153	Some weights of BertForSequenceClassification were not initialized from the model checkpoint at bert-base-uncased and are newly initialized: ['classifier.bias', 'classifier.weight']
17083.2s	154	You should probably TRAIN this model on a down-stream task to be able to use it for predictions and inference.
22702.7s	155	[I 2025-05-21 23:01:02,535] Trial 3 finished with value: 1.0325356728576827 and parameters: {'learning_rate': 6.468271446126714e-06, 'weight_decay': 0.00040227525878952514}. Best is trial 2 with value: 0.9448745857037478.
22703.0s	156	Some weights of BertForSequenceClassification were not initialized from the model checkpoint at bert-base-uncased and are newly initialized: ['classifier.bias', 'classifier.weight']
22703.0s	157	You should probably TRAIN this model on a down-stream task to be able to use it for predictions and inference.
28337.1s	158	[I 2025-05-22 00:34:56,869] Trial 4 finished with value: 1.1453363146856201 and parameters: {'learning_rate': 2.277221993532907e-06, 'weight_decay': 0.0018772467259335246}. Best is trial 2 with value: 0.9448745857037478.
28337.1s	159	Best hyperparameters: {'learning_rate': 1.3935203371023922e-05, 'weight_decay': 0.0007977566162120651}

[I 2025-05-21 20:46:52,284] A new study created in memory with name: lr&wd_minim_study
Some weights of BertForSequenceClassification were not initialized from the model checkpoint at bert-base-uncased and are newly initialized: ['classifier.bias', 'classifier.weight']
You should probably TRAIN this model on a down-stream task to be able to use it for predictions and inference.
[I 2025-05-21 22:20:01,736] Trial 0 finished with value: 0.9216883690628564 and parameters: {'learning_rate': 1.6961056042006236e-05, 'weight_decay': 2.3391829824110108e-06}. Best is trial 0 with value: 0.9216883690628564.
Some weights of BertForSequenceClassification were not initialized from the model checkpoint at bert-base-uncased and are newly initialized: ['classifier.bias', 'classifier.weight']
You should probably TRAIN this model on a down-stream task to be able to use it for predictions and inference.
[I 2025-05-21 23:53:18,969] Trial 1 finished with value: 1.113857440035204 and parameters: {'learning_rate': 3.0986174426431756e-06, 'weight_decay': 4.097733776897162e-06}. Best is trial 0 with value: 0.9216883690628564.
Some weights of BertForSequenceClassification were not initialized from the model checkpoint at bert-base-uncased and are newly initialized: ['classifier.bias', 'classifier.weight']
You should probably TRAIN this model on a down-stream task to be able to use it for predictions and inference.
[I 2025-05-22 01:26:18,737] Trial 2 finished with value: 0.9318449864655559 and parameters: {'learning_rate': 4.5459036107005616e-05, 'weight_decay': 0.0009352946619721078}. Best is trial 0 with value: 0.9216883690628564.
Some weights of BertForSequenceClassification were not initialized from the model checkpoint at bert-base-uncased and are newly initialized: ['classifier.bias', 'classifier.weight']
You should probably TRAIN this model on a down-stream task to be able to use it for predictions and inference.
[I 2025-05-22 02:59:27,835] Trial 3 finished with value: 0.9854640901729677 and parameters: {'learning_rate': 9.263226322590346e-06, 'weight_decay': 0.0002081631512813863}. Best is trial 0 with value: 0.9216883690628564.
Some weights of BertForSequenceClassification were not initialized from the model checkpoint at bert-base-uncased and are newly initialized: ['classifier.bias', 'classifier.weight']
You should probably TRAIN this model on a down-stream task to be able to use it for predictions and inference.
[I 2025-05-22 04:32:36,326] Trial 4 finished with value: 0.920163052613996 and parameters: {'learning_rate': 1.8133378696056705e-05, 'weight_decay': 4.0906585031363795e-06}. Best is trial 4 with value: 0.920163052613996.
Best hyperparameters: {'learning_rate': 1.8133378696056705e-05, 'weight_decay': 4.0906585031363795e-06}

finalized but pre plots:

2 epochs

[I 2025-05-22 17:19:57,714] A new study created in memory with name: lr&wd_minim_study
Some weights of BertForSequenceClassification were not initialized from the model checkpoint at bert-base-uncased and are newly initialized: ['classifier.bias', 'classifier.weight']
You should probably TRAIN this model on a down-stream task to be able to use it for predictions and inference.

========== Epoch 1/2 ==========
Epoch 1/2 - Loss: 0.3870
========== Epoch 2/2 ==========

[I 2025-05-22 18:21:43,524] Trial 0 finished with value: 0.6744233742725777 and parameters: {'learning_rate': 2.1109108468873248e-05, 'weight_decay': 0.00034460235455611993}. Best is trial 0 with value: 0.6744233742725777.

Epoch 2/2 - Loss: 0.2874

Some weights of BertForSequenceClassification were not initialized from the model checkpoint at bert-base-uncased and are newly initialized: ['classifier.bias', 'classifier.weight']
You should probably TRAIN this model on a down-stream task to be able to use it for predictions and inference.

========== Epoch 1/2 ==========
Epoch 1/2 - Loss: 0.4293
========== Epoch 2/2 ==========

[I 2025-05-22 19:23:24,762] Trial 1 finished with value: 0.8045278863500243 and parameters: {'learning_rate': 2.697012446339147e-06, 'weight_decay': 7.77823450299798e-05}. Best is trial 0 with value: 0.6744233742725777.

Epoch 2/2 - Loss: 0.3752

Some weights of BertForSequenceClassification were not initialized from the model checkpoint at bert-base-uncased and are newly initialized: ['classifier.bias', 'classifier.weight']
You should probably TRAIN this model on a down-stream task to be able to use it for predictions and inference.

========== Epoch 1/2 ==========
Epoch 1/2 - Loss: 0.3885
========== Epoch 2/2 ==========

[I 2025-05-22 20:25:08,819] Trial 2 finished with value: 0.671415283434244 and parameters: {'learning_rate': 2.43052354219902e-05, 'weight_decay': 0.00022086214949082762}. Best is trial 2 with value: 0.671415283434244.

Epoch 2/2 - Loss: 0.2829

Some weights of BertForSequenceClassification were not initialized from the model checkpoint at bert-base-uncased and are newly initialized: ['classifier.bias', 'classifier.weight']
You should probably TRAIN this model on a down-stream task to be able to use it for predictions and inference.

========== Epoch 1/2 ==========
Epoch 1/2 - Loss: 0.3877
========== Epoch 2/2 ==========

[I 2025-05-22 21:27:03,050] Trial 3 finished with value: 0.6690228265284875 and parameters: {'learning_rate': 2.4761626279718006e-05, 'weight_decay': 2.879315739579493e-06}. Best is trial 3 with value: 0.6690228265284875.

Epoch 2/2 - Loss: 0.2813

Some weights of BertForSequenceClassification were not initialized from the model checkpoint at bert-base-uncased and are newly initialized: ['classifier.bias', 'classifier.weight']
You should probably TRAIN this model on a down-stream task to be able to use it for predictions and inference.

========== Epoch 1/2 ==========
Epoch 1/2 - Loss: 0.3881
========== Epoch 2/2 ==========

[I 2025-05-22 22:28:55,245] Trial 4 finished with value: 0.662916437344832 and parameters: {'learning_rate': 2.9647958234836855e-05, 'weight_decay': 0.0039608439213304186}. Best is trial 4 with value: 0.662916437344832.

Epoch 2/2 - Loss: 0.2748

Some weights of BertForSequenceClassification were not initialized from the model checkpoint at bert-base-uncased and are newly initialized: ['classifier.bias', 'classifier.weight']
You should probably TRAIN this model on a down-stream task to be able to use it for predictions and inference.

========== Epoch 1/2 ==========
Epoch 1/2 - Loss: 0.4237
========== Epoch 2/2 ==========

[I 2025-05-22 23:30:47,106] Trial 5 finished with value: 0.7930599420302101 and parameters: {'learning_rate': 3.108618366565257e-06, 'weight_decay': 3.2148076487234364e-05}. Best is trial 4 with value: 0.662916437344832.

Epoch 2/2 - Loss: 0.3693

Some weights of BertForSequenceClassification were not initialized from the model checkpoint at bert-base-uncased and are newly initialized: ['classifier.bias', 'classifier.weight']
You should probably TRAIN this model on a down-stream task to be able to use it for predictions and inference.

========== Epoch 1/2 ==========
Epoch 1/2 - Loss: 0.3921
========== Epoch 2/2 ==========

[I 2025-05-23 00:32:34,927] Trial 6 finished with value: 0.6958834195960154 and parameters: {'learning_rate': 1.5521537843453313e-05, 'weight_decay': 0.00017136900768690704}. Best is trial 4 with value: 0.662916437344832.

Epoch 2/2 - Loss: 0.3037

Some weights of BertForSequenceClassification were not initialized from the model checkpoint at bert-base-uncased and are newly initialized: ['classifier.bias', 'classifier.weight']
You should probably TRAIN this model on a down-stream task to be able to use it for predictions and inference.

========== Epoch 1/2 ==========
Epoch 1/2 - Loss: 0.3939
========== Epoch 2/2 ==========

[I 2025-05-23 01:34:27,727] Trial 7 finished with value: 0.7139044500093822 and parameters: {'learning_rate': 1.047543536979481e-05, 'weight_decay': 1.1863791885999501e-06}. Best is trial 4 with value: 0.662916437344832.

Epoch 2/2 - Loss: 0.3200

Some weights of BertForSequenceClassification were not initialized from the model checkpoint at bert-base-uncased and are newly initialized: ['classifier.bias', 'classifier.weight']
You should probably TRAIN this model on a down-stream task to be able to use it for predictions and inference.

========== Epoch 1/2 ==========
Epoch 1/2 - Loss: 0.3963
========== Epoch 2/2 ==========

[I 2025-05-23 02:36:08,944] Trial 8 finished with value: 0.7215506094682571 and parameters: {'learning_rate': 9.328147341502754e-06, 'weight_decay': 1.0212039346303384e-05}. Best is trial 4 with value: 0.662916437344832.

Epoch 2/2 - Loss: 0.3253

Some weights of BertForSequenceClassification were not initialized from the model checkpoint at bert-base-uncased and are newly initialized: ['classifier.bias', 'classifier.weight']
You should probably TRAIN this model on a down-stream task to be able to use it for predictions and inference.

========== Epoch 1/2 ==========
Epoch 1/2 - Loss: 0.3869
========== Epoch 2/2 ==========

[I 2025-05-23 03:37:47,547] Trial 9 finished with value: 0.6715724108103741 and parameters: {'learning_rate': 2.237024567021893e-05, 'weight_decay': 5.640099218378808e-06}. Best is trial 4 with value: 0.662916437344832.

Epoch 2/2 - Loss: 0.2847
Best hyperparameters: {'learning_rate': 2.9647958234836855e-05, 'weight_decay': 0.0039608439213304186}


Some weights of BertForSequenceClassification were not initialized from the model checkpoint at bert-base-uncased and are newly initialized: ['classifier.bias', 'classifier.weight']
You should probably TRAIN this model on a down-stream task to be able to use it for predictions and inference.
========== Epoch 1/2 ==========
Epoch 1/2 - Loss: 0.3941
========== Epoch 2/2 ==========
[I 2025-05-23 15:23:49,819] Trial 0 finished with value: 0.714482837114459 and parameters: {'learning_rate': 1.027766660301313e-05, 'weight_decay': 0.0007673256552903922}. Best is trial 0 with value: 0.714482837114459.





3 epochs:
chrome:
                [I 2025-05-23 13:01:07,010] Trial 0 finished with value: 1.23266305035336 and parameters: {'learning_rate': 1.2832733565128829e-06, 'weight_decay': 3.706496485079458e-05}. Best is trial 0 with value: 1.23266305035336.
5616.3s 	105	Epoch 3/3 - Loss: 0.3817
5616.5s	    106	Some weights of BertForSequenceClassification were not initialized from the model checkpoint at bert-base-uncased and are newly initialized: ['classifier.bias', 'classifier.weight']
5616.5s	    107	You should probably TRAIN this model on a down-stream task to be able to use it for predictions and inference.
5616.9s	    108	========== Epoch 1/3 ==========
7466.7s	    109	Epoch 1/3 - Loss: 0.4230
7466.7s 	110	========== Epoch 2/3 ==========
9317.0s 	111	Epoch 2/3 - Loss: 0.3653
9317.0s	    112	========== Epoch 3/3 ==========
11166.9s	113	[I 2025-05-23 14:33:37,834] Trial 1 finished with value: 1.1347034309909179 and parameters: {'learning_rate': 3.126123038844767e-06, 'weight_decay': 5.564098555877023e-05}. Best is trial 1 with value: 1.1347034309909179.
11167.1s	114	Epoch 3/3 - Loss: 0.3464
11167.2s	115	Some weights of BertForSequenceClassification were not initialized from the model checkpoint at bert-base-uncased and are newly initialized: ['classifier.bias', 'classifier.weight']
11167.2s	116	You should probably TRAIN this model on a down-stream task to be able to use it for predictions and inference.
11167.6s	117	========== Epoch 1/3 ==========
13016.8s	118	Epoch 1/3 - Loss: 0.3883
13016.8s	119	========== Epoch 2/3 ==========
14866.2s	120	Epoch 2/3 - Loss: 0.2903
14866.2s	121	========== Epoch 3/3 ==========
16715.7s	122	[I 2025-05-23 16:06:06,619] Trial 2 finished with value: 0.886567126141894 and parameters: {'learning_rate': 2.0932985711566826e-05, 'weight_decay': 6.595947045983596e-05}. Best is trial 2 with value: 0.886567126141894.
16715.9s	123	Epoch 3/3 - Loss: 0.2080
16716.1s	124	Some weights of BertForSequenceClassification were not initialized from the model checkpoint at bert-base-uncased and are newly initialized: ['classifier.bias', 'classifier.weight']
16716.1s	125	You should probably TRAIN this model on a down-stream task to be able to use it for predictions and inference.
16716.5s	126	========== Epoch 1/3 ==========
18565.6s	127	Epoch 1/3 - Loss: 0.4190
18565.6s	128	========== Epoch 2/3 ==========
20418.0s	129	Epoch 2/3 - Loss: 0.3622
20418.0s	130	========== Epoch 3/3 ==========
22271.9s	131	[I 2025-05-23 17:38:42,801] Trial 3 finished with value: 1.1234846441617372 and parameters: {'learning_rate': 3.319018288670219e-06, 'weight_decay': 0.0007966547513162997}. Best is trial 2 with value: 0.886567126141894.
22272.1s	132	Epoch 3/3 - Loss: 0.3423
22272.2s	133	Some weights of BertForSequenceClassification were not initialized from the model checkpoint at bert-base-uncased and are newly initialized: ['classifier.bias', 'classifier.weight']
22272.2s	134	You should probably TRAIN this model on a down-stream task to be able to use it for predictions and inference.
22272.6s	135	========== Epoch 1/3 ==========
24126.4s	136	Epoch 1/3 - Loss: 0.3923
24126.4s	137	========== Epoch 2/3 ==========
25979.6s	138	Epoch 2/3 - Loss: 0.3101
25979.6s	139	========== Epoch 3/3 ==========
27831.7s	140	[I 2025-05-23 19:11:22,581] Trial 4 finished with value: 0.9550075550853191 and parameters: {'learning_rate': 1.2784034528807099e-05, 'weight_decay': 1.0314746974903969e-05}. Best is trial 2 with value: 0.886567126141894.
27831.7s	141	Epoch 3/3 - Loss: 0.2526
27831.7s	142	Best hyperparameters: {'learning_rate': 2.0932985711566826e-05, 'weight_decay': 6.595947045983596e-05}

