61.0s	    100	========== Epoch 1/15 ==========
1126.5s	    101	Epoch 1 - Train Loss: 0.4164 - Accuracy: 0.8074
1126.5s 	102	Validation - Loss: 0.3815 - Accuracy: 0.8317
1126.5s 	103	
1126.5s 	104	========== Epoch 2/15 ==========
2193.2s	    105	Epoch 2 - Train Loss: 0.3536 - Accuracy: 0.8435
2193.2s 	106	Validation - Loss: 0.3700 - Accuracy: 0.8366
2193.2s 	107	
2193.2s 	108	========== Epoch 3/15 ==========
3257.8s	    109	Epoch 3 - Train Loss: 0.3149 - Accuracy: 0.8652
3257.8s 	110	Validation - Loss: 0.3822 - Accuracy: 0.8388
3257.8s 	111	
3257.8s 	112	========== Epoch 4/15 ==========
4323.4s 	113	[I 2025-05-26 19:14:18,198] Trial 0 finished with value: 0.37002159355384 and parameters: {'learning_rate': 7.228535631317261e-06, 'weight_decay': 0.0004111171289118429}. Best is trial 0 with value: 0.37002159355384.
4323.6s 	114	Early stopping at epoch 4
4323.6s 	115	Some weights of DistilBertForSequenceClassification were not initialized from the model checkpoint at distilbert-base-uncased and are newly initialized: ['classifier.bias', 'classifier.weight', 'pre_classifier.bias', 'pre_classifier.weight']
4323.6s 	116	You should probably TRAIN this model on a down-stream task to be able to use it for predictions and inference.
4323.9s 	117	
4323.9s	    118	========== Epoch 1/15 ==========
5388.8s	    119	Epoch 1 - Train Loss: 0.4062 - Accuracy: 0.8137
5388.8s	    120	Validation - Loss: 0.3753 - Accuracy: 0.8332
5388.8s	    121	
5388.8s 	122	========== Epoch 2/15 ==========
6452.5s	    123	Epoch 2 - Train Loss: 0.3302 - Accuracy: 0.8562
6452.5s 	124	Validation - Loss: 0.3683 - Accuracy: 0.8375
6452.5s 	125	
6452.5s	    126	========== Epoch 3/15 ==========
7516.4s 	127	Epoch 3 - Train Loss: 0.2656 - Accuracy: 0.8901
7516.4s	    128	Validation - Loss: 0.4050 - Accuracy: 0.8348
7516.4s	    129	
7516.4s	    130	========== Epoch 4/15 ==========
8579.9s	    131	[I 2025-05-26 20:25:14,716] Trial 1 finished with value: 0.3683344382891115 and parameters: {'learning_rate': 1.5091389135862107e-05, 'weight_decay': 0.0012653683204764843}. Best is trial 1 with value: 0.3683344382891115.
8580.1s	    132	Some weights of DistilBertForSequenceClassification were not initialized from the model checkpoint at distilbert-base-uncased and are newly initialized: ['classifier.bias', 'classifier.weight', 'pre_classifier.bias', 'pre_classifier.weight']
8580.1s	    133	You should probably TRAIN this model on a down-stream task to be able to use it for predictions and inference.
8580.1s 	134	Early stopping at epoch 4
8580.4s 	135	
8580.4s 	136	========== Epoch 1/15 ==========
9643.6s 	137	Epoch 1 - Train Loss: 0.4040 - Accuracy: 0.8152
9643.6s 	138	Validation - Loss: 0.3742 - Accuracy: 0.8326
9643.6s 	139	
9643.6s	    140	========== Epoch 2/15 ==========
10706.6s	141	Epoch 2 - Train Loss: 0.3161 - Accuracy: 0.8634
10706.6s	142	Validation - Loss: 0.3694 - Accuracy: 0.8371
10706.6s	143	
10706.6s	144	========== Epoch 3/15 ==========
11769.5s	145	Epoch 3 - Train Loss: 0.2308 - Accuracy: 0.9066
11769.5s	146	Validation - Loss: 0.4552 - Accuracy: 0.8321
11769.5s	147	
11769.5s	148	========== Epoch 4/15 ==========
12832.7s	149	[I 2025-05-26 21:36:07,460] Trial 2 finished with value: 0.36942159732557694 and parameters: {'learning_rate': 2.5798452731777197e-05, 'weight_decay': 0.00010188997533514865}. Best is trial 1 with value: 0.3683344382891115.
12832.9s	150	Some weights of DistilBertForSequenceClassification were not initialized from the model checkpoint at distilbert-base-uncased and are newly initialized: ['classifier.bias', 'classifier.weight', 'pre_classifier.bias', 'pre_classifier.weight']
12832.9s	151	You should probably TRAIN this model on a down-stream task to be able to use it for predictions and inference.
12832.9s	152	Early stopping at epoch 4
12833.2s	153	
12833.2s	154	========== Epoch 1/15 ==========
13896.2s	155	Epoch 1 - Train Loss: 0.4162 - Accuracy: 0.8075
13896.2s	156	Validation - Loss: 0.3814 - Accuracy: 0.8320
13896.2s	157	
13896.2s	158	========== Epoch 2/15 ==========
14958.4s	159	Epoch 2 - Train Loss: 0.3533 - Accuracy: 0.8438
14958.4s	160	Validation - Loss: 0.3698 - Accuracy: 0.8364
14958.4s	161	
14958.4s	162	========== Epoch 3/15 ==========
16020.8s	163	Epoch 3 - Train Loss: 0.3143 - Accuracy: 0.8655
16020.8s	164	Validation - Loss: 0.3825 - Accuracy: 0.8389
16020.8s	165	
16020.8s	166	========== Epoch 4/15 ==========
17082.6s	167	[I 2025-05-26 22:46:57,346] Trial 3 finished with value: 0.36979739306108006 and parameters: {'learning_rate': 7.301103759121131e-06, 'weight_decay': 0.0006907976832579176}. Best is trial 1 with value: 0.3683344382891115.
17082.8s	168	Early stopping at epoch 4
17082.8s	169	Some weights of DistilBertForSequenceClassification were not initialized from the model checkpoint at distilbert-base-uncased and are newly initialized: ['classifier.bias', 'classifier.weight', 'pre_classifier.bias', 'pre_classifier.weight']
17082.8s	170	You should probably TRAIN this model on a down-stream task to be able to use it for predictions and inference.
17083.1s	171	
17083.1s	172	========== Epoch 1/15 ==========
18145.4s	173	Epoch 1 - Train Loss: 0.4242 - Accuracy: 0.8028
18145.4s	174	Validation - Loss: 0.3869 - Accuracy: 0.8289
18145.4s	175	
18145.4s	176	========== Epoch 2/15 ==========
19208.5s	177	Epoch 2 - Train Loss: 0.3654 - Accuracy: 0.8382
19208.5s	178	Validation - Loss: 0.3728 - Accuracy: 0.8352
19208.5s	179	
19208.5s	180	========== Epoch 3/15 ==========
20271.6s	181	Epoch 3 - Train Loss: 0.3346 - Accuracy: 0.8545
20271.6s	182	Validation - Loss: 0.3791 - Accuracy: 0.8391
20271.6s	183	
20271.6s	184	========== Epoch 4/15 ==========
21335.7s	185	[I 2025-05-26 23:57:50,480] Trial 4 finished with value: 0.372800449183527 and parameters: {'learning_rate': 5.060447975357406e-06, 'weight_decay': 0.0002218099249473437}. Best is trial 1 with value: 0.3683344382891115.
21335.9s	186	Early stopping at epoch 4
21335.9s	187	Some weights of DistilBertForSequenceClassification were not initialized from the model checkpoint at distilbert-base-uncased and are newly initialized: ['classifier.bias', 'classifier.weight', 'pre_classifier.bias', 'pre_classifier.weight']
21335.9s	188	You should probably TRAIN this model on a down-stream task to be able to use it for predictions and inference.
21336.2s	189	
21336.2s	190	========== Epoch 1/15 ==========
22402.8s	191	Epoch 1 - Train Loss: 0.4686 - Accuracy: 0.7779
22402.8s	192	Validation - Loss: 0.4120 - Accuracy: 0.8135
22402.8s	193	
22402.8s	194	========== Epoch 2/15 ==========
23466.8s	195	Epoch 2 - Train Loss: 0.4063 - Accuracy: 0.8163
23466.8s	196	Validation - Loss: 0.3956 - Accuracy: 0.8218
23466.8s	197	
23466.8s	198	========== Epoch 3/15 ==========
24531.1s	199	Epoch 3 - Train Loss: 0.3885 - Accuracy: 0.8255
24531.1s	200	Validation - Loss: 0.3901 - Accuracy: 0.8268
24531.1s	201	
24531.1s	202	========== Epoch 4/15 ==========
25595.7s	203	Epoch 4 - Train Loss: 0.3755 - Accuracy: 0.8331
25595.7s	204	Validation - Loss: 0.3834 - Accuracy: 0.8289
25595.7s	205	
25595.7s	206	========== Epoch 5/15 ==========
26660.1s	207	Epoch 5 - Train Loss: 0.3659 - Accuracy: 0.8375
26660.1s	208	Validation - Loss: 0.3857 - Accuracy: 0.8307
26660.1s	209	
26660.1s	210	========== Epoch 6/15 ==========
27724.5s	211	[I 2025-05-27 01:44:19,310] Trial 5 finished with value: 0.38339250924452295 and parameters: {'learning_rate': 1.3267384888870186e-06, 'weight_decay': 0.007831607922351038}. Best is trial 1 with value: 0.3683344382891115.
27724.7s	212	Early stopping at epoch 6
27724.8s	213	Some weights of DistilBertForSequenceClassification were not initialized from the model checkpoint at distilbert-base-uncased and are newly initialized: ['classifier.bias', 'classifier.weight', 'pre_classifier.bias', 'pre_classifier.weight']
27724.8s	214	You should probably TRAIN this model on a down-stream task to be able to use it for predictions and inference.
27725.1s	215	
27725.1s	216	========== Epoch 1/15 ==========
28790.1s	217	Epoch 1 - Train Loss: 0.4367 - Accuracy: 0.7960
28790.1s	218	Validation - Loss: 0.3951 - Accuracy: 0.8242
28790.1s	219	
28790.1s	220	========== Epoch 2/15 ==========
29854.0s	221	Epoch 2 - Train Loss: 0.3804 - Accuracy: 0.8300
29854.0s	222	Validation - Loss: 0.3786 - Accuracy: 0.8312
29854.0s	223	
29854.0s	224	========== Epoch 3/15 ==========
30917.4s	225	Epoch 3 - Train Loss: 0.3567 - Accuracy: 0.8425
30917.4s	226	Validation - Loss: 0.3805 - Accuracy: 0.8361
30917.4s	227	
30917.4s	228	========== Epoch 4/15 ==========
31979.9s	229	Epoch 4 - Train Loss: 0.3377 - Accuracy: 0.8538
31979.9s	230	Validation - Loss: 0.3753 - Accuracy: 0.8358
31979.9s	231	
31979.9s	232	========== Epoch 5/15 ==========
33042.6s	233	Epoch 5 - Train Loss: 0.3207 - Accuracy: 0.8624
33042.6s	234	Validation - Loss: 0.3837 - Accuracy: 0.8368
33042.6s	235	
33042.6s	236	========== Epoch 6/15 ==========
34105.2s	237	[I 2025-05-27 03:30:39,984] Trial 6 finished with value: 0.3753475262477713 and parameters: {'learning_rate': 3.119807427535259e-06, 'weight_decay': 0.0019245321115753187}. Best is trial 1 with value: 0.3683344382891115.
34105.4s	238	Some weights of DistilBertForSequenceClassification were not initialized from the model checkpoint at distilbert-base-uncased and are newly initialized: ['classifier.bias', 'classifier.weight', 'pre_classifier.bias', 'pre_classifier.weight']
34105.4s	239	You should probably TRAIN this model on a down-stream task to be able to use it for predictions and inference.
34105.4s	240	Early stopping at epoch 6
34105.7s	241	
34105.7s	242	========== Epoch 1/15 ==========
35169.2s	243	Epoch 1 - Train Loss: 0.4685 - Accuracy: 0.7779
35169.2s	244	Validation - Loss: 0.4119 - Accuracy: 0.8135
35169.2s	245	
35169.2s	246	========== Epoch 2/15 ==========
36234.7s	247	Epoch 2 - Train Loss: 0.4063 - Accuracy: 0.8162
36234.7s	248	Validation - Loss: 0.3956 - Accuracy: 0.8217
36234.7s	249	
36234.7s	250	========== Epoch 3/15 ==========
37298.9s	251	Epoch 3 - Train Loss: 0.3884 - Accuracy: 0.8256
37298.9s	252	Validation - Loss: 0.3901 - Accuracy: 0.8267
37298.9s	253	
37298.9s	254	========== Epoch 4/15 ==========
38365.7s	255	Epoch 4 - Train Loss: 0.3755 - Accuracy: 0.8331
38365.7s	256	Validation - Loss: 0.3834 - Accuracy: 0.8290
38365.7s	257	
38365.7s	258	========== Epoch 5/15 ==========
39431.3s	259	Epoch 5 - Train Loss: 0.3658 - Accuracy: 0.8375
39431.3s	260	Validation - Loss: 0.3857 - Accuracy: 0.8307
39431.3s	261	
39431.3s	262	========== Epoch 6/15 ==========
40495.2s	263	[I 2025-05-27 05:17:09,979] Trial 7 finished with value: 0.3834010809659958 and parameters: {'learning_rate': 1.3272775964568894e-06, 'weight_decay': 4.696145761050132e-06}. Best is trial 1 with value: 0.3683344382891115.
40495.4s	264	Early stopping at epoch 6





64.0s	    100	========== Epoch 1/15 ==========
1132.8s	    101	Epoch 1 - Train Loss: 0.4047 - Accuracy: 0.8145
1132.8s	    102	Validation - Loss: 0.3746 - Accuracy: 0.8330
1132.8s	    103	
1132.8s	    104	========== Epoch 2/15 ==========
2198.6s	    105	Epoch 2 - Train Loss: 0.3130 - Accuracy: 0.8653
2198.6s	    106	Validation - Loss: 0.3764 - Accuracy: 0.8360
2198.6s	    107	
2198.6s	    108	========== Epoch 3/15 ==========
3264.4s	    109	[I 2025-05-27 12:50:22,655] Trial 0 finished with value: 0.3746268356971021 and parameters: {'learning_rate': 3.0227582838125792e-05, 'weight_decay': 0.0004251349916594875}. Best is trial 0 with value: 0.3746268356971021.
3264.6s 	110	Early stopping at epoch 3
3264.7s 	111	Some weights of DistilBertForSequenceClassification were not initialized from the model checkpoint at distilbert-base-uncased and are newly initialized: ['classifier.bias', 'classifier.weight', 'pre_classifier.bias', 'pre_classifier.weight']
3264.7s 	112	You should probably TRAIN this model on a down-stream task to be able to use it for predictions and inference.
3265.0s	    113	
3265.0s	    114	========== Epoch 1/15 ==========
4331.6s	    115	Epoch 1 - Train Loss: 0.4050 - Accuracy: 0.8145
4331.6s	    116	Validation - Loss: 0.3742 - Accuracy: 0.8331
4331.6s	    117	
4331.6s 	118	========== Epoch 2/15 ==========
5396.2s	    119	Epoch 2 - Train Loss: 0.3253 - Accuracy: 0.8588
5396.2s 	120	Validation - Loss: 0.3689 - Accuracy: 0.8381
5396.2s 	121	
5396.2s 	122	========== Epoch 3/15 ==========
6460.2s	    123	Epoch 3 - Train Loss: 0.2537 - Accuracy: 0.8958
6460.2s	    124	Validation - Loss: 0.4161 - Accuracy: 0.8338
6460.2s	    125	
6460.2s	    126	========== Epoch 4/15 ==========
7526.0s	    127	[I 2025-05-27 14:01:24,337] Trial 1 finished with value: 0.3688889511857393 and parameters: {'learning_rate': 1.7939633857360194e-05, 'weight_decay': 0.00015560468153623372}. Best is trial 1 with value: 0.3688889511857393.
7526.2s	    128	Early stopping at epoch 4
7526.3s 	129	Some weights of DistilBertForSequenceClassification were not initialized from the model checkpoint at distilbert-base-uncased and are newly initialized: ['classifier.bias', 'classifier.weight', 'pre_classifier.bias', 'pre_classifier.weight']
7526.3s	    130	You should probably TRAIN this model on a down-stream task to be able to use it for predictions and inference.
7526.6s	    131	
7526.6s	    132	========== Epoch 1/15 ==========
8593.2s	    133	Epoch 1 - Train Loss: 0.4619 - Accuracy: 0.7818
8593.2s	    134	Validation - Loss: 0.4085 - Accuracy: 0.8152
8593.2s	    135	
8593.2s	    136	========== Epoch 2/15 ==========
9657.8s	    137	Epoch 2 - Train Loss: 0.4017 - Accuracy: 0.8186
9657.8s	    138	Validation - Loss: 0.3921 - Accuracy: 0.8240
9657.8s 	139	
9657.8s 	140	========== Epoch 3/15 ==========
10722.7s	141	Epoch 3 - Train Loss: 0.3832 - Accuracy: 0.8282
10722.7s	142	Validation - Loss: 0.3877 - Accuracy: 0.8280
10722.7s	143	
10722.7s	144	========== Epoch 4/15 ==========
11787.0s	145	Epoch 4 - Train Loss: 0.3697 - Accuracy: 0.8363
11787.0s	146	Validation - Loss: 0.3812 - Accuracy: 0.8308
11787.0s	147	
11787.0s	148	========== Epoch 5/15 ==========
12853.0s	149	Epoch 5 - Train Loss: 0.3593 - Accuracy: 0.8415
12853.0s	150	Validation - Loss: 0.3842 - Accuracy: 0.8323
12853.0s	151	
12853.0s	152	========== Epoch 6/15 ==========
13919.9s	153	[I 2025-05-27 15:47:58,168] Trial 2 finished with value: 0.38120884987543213 and parameters: {'learning_rate': 1.5416021213127252e-06, 'weight_decay': 8.071834464413073e-05}. Best is trial 1 with value: 0.3688889511857393.
13920.1s	154	Early stopping at epoch 6
13920.1s	155	Some weights of DistilBertForSequenceClassification were not initialized from the model checkpoint at distilbert-base-uncased and are newly initialized: ['classifier.bias', 'classifier.weight', 'pre_classifier.bias', 'pre_classifier.weight']
13920.1s	156	You should probably TRAIN this model on a down-stream task to be able to use it for predictions and inference.
13920.4s	157	
13920.4s	158	========== Epoch 1/15 ==========
14987.7s	159	Epoch 1 - Train Loss: 0.4145 - Accuracy: 0.8088
14987.7s	160	Validation - Loss: 0.3803 - Accuracy: 0.8322
14987.7s	161	
14987.7s	162	========== Epoch 2/15 ==========
16054.9s	163	Epoch 2 - Train Loss: 0.3504 - Accuracy: 0.8453
16054.9s	164	Validation - Loss: 0.3694 - Accuracy: 0.8362
16054.9s	165	
16054.9s	166	========== Epoch 3/15 ==========
17121.9s	167	Epoch 3 - Train Loss: 0.3089 - Accuracy: 0.8684
17121.9s	168	Validation - Loss: 0.3844 - Accuracy: 0.8389
17121.9s	169	
17121.9s	170	========== Epoch 4/15 ==========
18188.8s	171	[I 2025-05-27 16:59:07,043] Trial 3 finished with value: 0.36944723102843985 and parameters: {'learning_rate': 7.972688143184805e-06, 'weight_decay': 6.1168126713945e-05}. Best is trial 1 with value: 0.3688889511857393.
18188.9s	172	Early stopping at epoch 4
18189.0s	173	Some weights of DistilBertForSequenceClassification were not initialized from the model checkpoint at distilbert-base-uncased and are newly initialized: ['classifier.bias', 'classifier.weight', 'pre_classifier.bias', 'pre_classifier.weight']
18189.0s	174	You should probably TRAIN this model on a down-stream task to be able to use it for predictions and inference.
18189.3s	175	
18189.3s	176	========== Epoch 1/15 ==========
19256.9s	177	Epoch 1 - Train Loss: 0.4464 - Accuracy: 0.7901
19256.9s	178	Validation - Loss: 0.4003 - Accuracy: 0.8205
19256.9s	179	
19256.9s	180	========== Epoch 2/15 ==========
20322.8s	181	Epoch 2 - Train Loss: 0.3895 - Accuracy: 0.8249
20322.8s	182	Validation - Loss: 0.3835 - Accuracy: 0.8277
20322.8s	183	
20322.8s	184	========== Epoch 3/15 ==========
21389.5s	185	Epoch 3 - Train Loss: 0.3687 - Accuracy: 0.8358
21389.5s	186	Validation - Loss: 0.3829 - Accuracy: 0.8322
21389.5s	187	
21389.5s	188	========== Epoch 4/15 ==========
22454.7s	189	Epoch 4 - Train Loss: 0.3527 - Accuracy: 0.8455
22454.7s	190	Validation - Loss: 0.3767 - Accuracy: 0.8341
22454.7s	191	
22454.7s	192	========== Epoch 5/15 ==========
23521.0s	193	Epoch 5 - Train Loss: 0.3392 - Accuracy: 0.8529
23521.0s	194	Validation - Loss: 0.3819 - Accuracy: 0.8350
23521.0s	195	
23521.0s	196	========== Epoch 6/15 ==========
24585.9s	197	[I 2025-05-27 18:45:44,149] Trial 4 finished with value: 0.3766919429459662 and parameters: {'learning_rate': 2.3030747264574906e-06, 'weight_decay': 8.026377009712585e-06}. Best is trial 1 with value: 0.3688889511857393.
24586.0s	198	Early stopping at epoch 6
24586.1s	199	Some weights of DistilBertForSequenceClassification were not initialized from the model checkpoint at distilbert-base-uncased and are newly initialized: ['classifier.bias', 'classifier.weight', 'pre_classifier.bias', 'pre_classifier.weight']
24586.1s	200	You should probably TRAIN this model on a down-stream task to be able to use it for predictions and inference.
24586.4s	201	
24586.4s	202	========== Epoch 1/15 ==========
25651.7s	203	Epoch 1 - Train Loss: 0.4310 - Accuracy: 0.7991
25651.7s	204	Validation - Loss: 0.3916 - Accuracy: 0.8263
25651.7s	205	
25651.7s	206	========== Epoch 2/15 ==========
26716.6s	207	Epoch 2 - Train Loss: 0.3742 - Accuracy: 0.8335
26716.6s	208	Validation - Loss: 0.3758 - Accuracy: 0.8325
26716.6s	209	
26716.6s	210	========== Epoch 3/15 ==========
27781.4s	211	Epoch 3 - Train Loss: 0.3480 - Accuracy: 0.8474
27781.4s	212	Validation - Loss: 0.3794 - Accuracy: 0.8371
27781.4s	213	
27781.4s	214	========== Epoch 4/15 ==========
28846.1s	215	Epoch 4 - Train Loss: 0.3261 - Accuracy: 0.8597
28846.1s	216	Validation - Loss: 0.3758 - Accuracy: 0.8372
28846.1s	217	
28846.1s	218	========== Epoch 5/15 ==========
29910.0s	219	Epoch 5 - Train Loss: 0.3062 - Accuracy: 0.8697
29910.0s	220	Validation - Loss: 0.3883 - Accuracy: 0.8372
29910.0s	221	
29910.0s	222	========== Epoch 6/15 ==========
30974.4s	223	[I 2025-05-27 20:32:12,726] Trial 5 finished with value: 0.3757913649307107 and parameters: {'learning_rate': 3.8142695381222043e-06, 'weight_decay': 0.0006199390553694661}. Best is trial 1 with value: 0.3688889511857393.
30974.6s	224	Early stopping at epoch 6
30974.7s	225	Some weights of DistilBertForSequenceClassification were not initialized from the model checkpoint at distilbert-base-uncased and are newly initialized: ['classifier.bias', 'classifier.weight', 'pre_classifier.bias', 'pre_classifier.weight']
30974.7s	226	You should probably TRAIN this model on a down-stream task to be able to use it for predictions and inference.
30975.1s	227	
30975.1s	228	========== Epoch 1/15 ==========
32040.3s	229	Epoch 1 - Train Loss: 0.4055 - Accuracy: 0.8144
32040.3s	230	Validation - Loss: 0.3748 - Accuracy: 0.8327
32040.3s	231	
32040.3s	232	========== Epoch 2/15 ==========
33106.1s	233	Epoch 2 - Train Loss: 0.3274 - Accuracy: 0.8576
33106.1s	234	Validation - Loss: 0.3687 - Accuracy: 0.8380
33106.1s	235	
33106.1s	236	========== Epoch 3/15 ==========
34171.4s	237	Epoch 3 - Train Loss: 0.2590 - Accuracy: 0.8933
34171.4s	238	Validation - Loss: 0.4098 - Accuracy: 0.8348
34171.4s	239	
34171.4s	240	========== Epoch 4/15 ==========
35237.0s	241	[I 2025-05-27 21:43:15,276] Trial 6 finished with value: 0.3686957742020769 and parameters: {'learning_rate': 1.6609041928241528e-05, 'weight_decay': 2.1726755721300897e-06}. Best is trial 6 with value: 0.3686957742020769.
35237.2s	242	Early stopping at epoch 4
35237.3s	243	Some weights of DistilBertForSequenceClassification were not initialized from the model checkpoint at distilbert-base-uncased and are newly initialized: ['classifier.bias', 'classifier.weight', 'pre_classifier.bias', 'pre_classifier.weight']
35237.3s	244	You should probably TRAIN this model on a down-stream task to be able to use it for predictions and inference.
35237.6s	245	
35237.6s	246	========== Epoch 1/15 ==========
36303.8s	247	Epoch 1 - Train Loss: 0.4066 - Accuracy: 0.8142
36303.8s	248	Validation - Loss: 0.3770 - Accuracy: 0.8310
36303.8s	249	
36303.8s	250	========== Epoch 2/15 ==========
37367.6s	251	Epoch 2 - Train Loss: 0.3111 - Accuracy: 0.8672
37367.6s	252	Validation - Loss: 0.3768 - Accuracy: 0.8346
37367.6s	253	
37367.6s	254	========== Epoch 3/15 ==========
38430.6s	255	Epoch 3 - Train Loss: 0.2162 - Accuracy: 0.9137
38430.6s	256	Validation - Loss: 0.4492 - Accuracy: 0.8295
38430.6s	257	
38430.6s	258	========== Epoch 4/15 ==========
